-------------------------------------------------------------------------------
Test set: com.cse.ds.TestStudent
-------------------------------------------------------------------------------
Tests run: 6, Failures: 0, Errors: 3, Skipped: 0, Time elapsed: 0.025 sec <<< FAILURE!
testGetEmail(com.cse.ds.TestStudent)  Time elapsed: 0.008 sec  <<< ERROR!
java.lang.StackOverflowError
	at com.cse.ds.Student.getEmail(Student.java:37)
	at com.cse.ds.Student.getEmail(Student.java:37)
	at com.cse.ds.Student.getEmail(Student.java:37)
	at com.cse.ds.Student.getEmail(Student.java:37)
	at com.cse.ds.Student.getEmail(Student.java:37)
	at com.cse.ds.Student.getEmail(Student.java:37)
	at com.cse.ds.Student.getEmail(Student.java:37)
	at com.cse.ds.Student.getEmail(Student.java:37)
	at com.cse.ds.Student.getEmail(Student.java:37)
	at com.cse.ds.Student.getEmail(Student.java:37)
	at com.cse.ds.Student.getEmail(Student.java:37)
	at com.cse.ds.Student.getEmail(Student.java:37)
	at com.cse.ds.Student.getEmail(Student.java:37)
	at com.cse.ds.Student.getEmail(Student.java:37)
	at com.cse.ds.Student.getEmail(Student.java:37)
	at com.cse.ds.Student.getEmail(Student.java:37)
	at com.cse.ds.Student.getEmail(Student.java:37)
	at com.cse.ds.Student.getEmail(Student.java:37)
	at com.cse.ds.Student.getEmail(Student.java:37)
	at com.cse.ds.Student.getEmail(Student.java:37)
	at com.cse.ds.Student.getEmail(Student.java:37)
	at com.cse.ds.Student.getEmail(Student.java:37)
	at com.cse.ds.Student.getEmail(Student.java:37)
	at com.cse.ds.Student.getEmail(Student.java:37)
	at com.cse.ds.Student.getEmail(Student.java:37)
	at com.cse.ds.Student.getEmail(Student.java:37)
	at com.cse.ds.Student.getEmail(Student.java:37)
	at com.cse.ds.Student.getEmail(Student.java:37)
	at com.cse.ds.Student.getEmail(Student.java:37)
	at com.cse.ds.Student.getEmail(Student.java:37)
	at com.cse.ds.Student.getEmail(Student.java:37)
	at com.cse.ds.Student.getEmail(Student.java:37)
	at com.cse.ds.Student.getEmail(Student.java:37)
	at com.cse.ds.Student.getEmail(Student.java:37)
	at com.cse.ds.Student.getEmail(Student.java:37)
	at com.cse.ds.Student.getEmail(Student.java:37)
	at com.cse.ds.Student.getEmail(Student.java:37)
	at com.cse.ds.Student.getEmail(Student.java:37)
	at com.cse.ds.Student.getEmail(Student.java:37)
	at com.cse.ds.Student.getEmail(Student.java:37)
	at com.cse.ds.Student.getEmail(Student.java:37)
	at com.cse.ds.Student.getEmail(Student.java:37)
	at com.cse.ds.Student.getEmail(Student.java:37)
	at com.cse.ds.Student.getEmail(Student.java:37)
	at com.cse.ds.Student.getEmail(Student.java:37)
	at com.cse.ds.Student.getEmail(Student.java:37)
	at com.cse.ds.Student.getEmail(Student.java:37)
	at com.cse.ds.Student.getEmail(Student.java:37)
	at com.cse.ds.Student.getEmail(Student.java:37)
	at com.cse.ds.Student.getEmail(Student.java:37)
	at com.cse.ds.Student.getEmail(Student.java:37)
	at com.cse.ds.Student.getEmail(Student.java:37)
	at com.cse.ds.Student.getEmail(Student.java:37)
	at com.cse.ds.Student.getEmail(Student.java:37)
	at com.cse.ds.Student.getEmail(Student.java:37)
	at com.cse.ds.Student.getEmail(Student.java:37)
	at com.cse.ds.Student.getEmail(Student.java:37)
	at com.cse.ds.Student.getEmail(Student.java:37)
	at com.cse.ds.Student.getEmail(Student.java:37)
	at com.cse.ds.Student.getEmail(Student.java:37)
	at com.cse.ds.Student.getEmail(Student.java:37)
	at com.cse.ds.Student.getEmail(Student.java:37)
	at com.cse.ds.Student.getEmail(Student.java:37)
	at com.cse.ds.Student.getEmail(Student.java:37)
	at com.cse.ds.Student.getEmail(Student.java:37)
	at com.cse.ds.Student.getEmail(Student.java:37)
	at com.cse.ds.Student.getEmail(Student.java:37)
	at com.cse.ds.Student.getEmail(Student.java:37)
	at com.cse.ds.Student.getEmail(Student.java:37)
	at com.cse.ds.Student.getEmail(Student.java:37)
	at com.cse.ds.Student.getEmail(Student.java:37)
	at com.cse.ds.Student.getEmail(Student.java:37)
	at com.cse.ds.Student.getEmail(Student.java:37)
	at com.cse.ds.Student.getEmail(Student.java:37)
	at com.cse.ds.Student.getEmail(Student.java:37)
	at com.cse.ds.Student.getEmail(Student.java:37)
	at com.cse.ds.Student.getEmail(Student.java:37)
	at com.cse.ds.Student.getEmail(Student.java:37)
	at com.cse.ds.Student.getEmail(Student.java:37)
	at com.cse.ds.Student.getEmail(Student.java:37)
	at com.cse.ds.Student.getEmail(Student.java:37)
	at com.cse.ds.Student.getEmail(Student.java:37)
	at com.cse.ds.Student.getEmail(Student.java:37)
	at com.cse.ds.Student.getEmail(Student.java:37)
	at com.cse.ds.Student.getEmail(Student.java:37)
	at com.cse.ds.Student.getEmail(Student.java:37)
	at com.cse.ds.Student.getEmail(Student.java:37)
	at com.cse.ds.Student.getEmail(Student.java:37)
	at com.cse.ds.Student.getEmail(Student.java:37)
	at com.cse.ds.Student.getEmail(Student.java:37)
	at com.cse.ds.Student.getEmail(Student.java:37)
	at com.cse.ds.Student.getEmail(Student.java:37)
	at com.cse.ds.Student.getEmail(Student.java:37)
	at com.cse.ds.Student.getEmail(Student.java:37)
	at com.cse.ds.Student.getEmail(Student.java:37)
	at com.cse.ds.Student.getEmail(Student.java:37)
	at com.cse.ds.Student.getEmail(Student.java:37)
	at com.cse.ds.Student.getEmail(Student.java:37)
	at com.cse.ds.Student.getEmail(Student.java:37)
	at com.cse.ds.Student.getEmail(Student.java:37)
	at com.cse.ds.Student.getEmail(Student.java:37)
	at com.cse.ds.Student.getEmail(Student.java:37)
	at com.cse.ds.Student.getEmail(Student.java:37)
	at com.cse.ds.Student.getEmail(Student.java:37)
	at com.cse.ds.Student.getEmail(Student.java:37)
	at com.cse.ds.Student.getEmail(Student.java:37)
	at com.cse.ds.Student.getEmail(Student.java:37)
	at com.cse.ds.Student.getEmail(Student.java:37)
	at com.cse.ds.Student.getEmail(Student.java:37)
	at com.cse.ds.Student.getEmail(Student.java:37)
	at com.cse.ds.Student.getEmail(Student.java:37)
	at com.cse.ds.Student.getEmail(Student.java:37)
	at com.cse.ds.Student.getEmail(Student.java:37)
	at com.cse.ds.Student.getEmail(Student.java:37)
	at com.cse.ds.Student.getEmail(Student.java:37)
	at com.cse.ds.Student.getEmail(Student.java:37)
	at com.cse.ds.Student.getEmail(Student.java:37)
	at com.cse.ds.Student.getEmail(Student.java:37)
	at com.cse.ds.Student.getEmail(Student.java:37)
	at com.cse.ds.Student.getEmail(Student.java:37)
	at com.cse.ds.Student.getEmail(Student.java:37)
	at com.cse.ds.Student.getEmail(Student.java:37)
	at com.cse.ds.Student.getEmail(Student.java:37)
	at com.cse.ds.Student.getEmail(Student.java:37)
	at com.cse.ds.Student.getEmail(Student.java:37)
	at com.cse.ds.Student.getEmail(Student.java:37)
	at com.cse.ds.Student.getEmail(Student.java:37)
	at com.cse.ds.Student.getEmail(Student.java:37)
	at com.cse.ds.Student.getEmail(Student.java:37)
	at com.cse.ds.Student.getEmail(Student.java:37)
	at com.cse.ds.Student.getEmail(Student.java:37)
	at com.cse.ds.Student.getEmail(Student.java:37)
	at com.cse.ds.Student.getEmail(Student.java:37)
	at com.cse.ds.Student.getEmail(Student.java:37)
	at com.cse.ds.Student.getEmail(Student.java:37)
	at com.cse.ds.Student.getEmail(Student.java:37)
	at com.cse.ds.Student.getEmail(Student.java:37)
	at com.cse.ds.Student.getEmail(Student.java:37)
	at com.cse.ds.Student.getEmail(Student.java:37)
	at com.cse.ds.Student.getEmail(Student.java:37)
	at com.cse.ds.Student.getEmail(Student.java:37)
	at com.cse.ds.Student.getEmail(Student.java:37)
	at com.cse.ds.Student.getEmail(Student.java:37)
	at com.cse.ds.Student.getEmail(Student.java:37)
	at com.cse.ds.Student.getEmail(Student.java:37)
	at com.cse.ds.Student.getEmail(Student.java:37)
	at com.cse.ds.Student.getEmail(Student.java:37)
	at com.cse.ds.Student.getEmail(Student.java:37)
	at com.cse.ds.Student.getEmail(Student.java:37)
	at com.cse.ds.Student.getEmail(Student.java:37)
	at com.cse.ds.Student.getEmail(Student.java:37)
	at com.cse.ds.Student.getEmail(Student.java:37)
	at com.cse.ds.Student.getEmail(Student.java:37)
	at com.cse.ds.Student.getEmail(Student.java:37)
	at com.cse.ds.Student.getEmail(Student.java:37)
	at com.cse.ds.Student.getEmail(Student.java:37)
	at com.cse.ds.Student.getEmail(Student.java:37)
	at com.cse.ds.Student.getEmail(Student.java:37)
	at com.cse.ds.Student.getEmail(Student.java:37)
	at com.cse.ds.Student.getEmail(Student.java:37)
	at com.cse.ds.Student.getEmail(Student.java:37)
	at com.cse.ds.Student.getEmail(Student.java:37)
	at com.cse.ds.Student.getEmail(Student.java:37)
	at com.cse.ds.Student.getEmail(Student.java:37)
	at com.cse.ds.Student.getEmail(Student.java:37)
	at com.cse.ds.Student.getEmail(Student.java:37)
	at com.cse.ds.Student.getEmail(Student.java:37)
	at com.cse.ds.Student.getEmail(Student.java:37)
	at com.cse.ds.Student.getEmail(Student.java:37)
	at com.cse.ds.Student.getEmail(Student.java:37)
	at com.cse.ds.Student.getEmail(Student.java:37)
	at com.cse.ds.Student.getEmail(Student.java:37)
	at com.cse.ds.Student.getEmail(Student.java:37)
	at com.cse.ds.Student.getEmail(Student.java:37)
	at com.cse.ds.Student.getEmail(Student.java:37)
	at com.cse.ds.Student.getEmail(Student.java:37)
	at com.cse.ds.Student.getEmail(Student.java:37)
	at com.cse.ds.Student.getEmail(Student.java:37)
	at com.cse.ds.Student.getEmail(Student.java:37)
	at com.cse.ds.Student.getEmail(Student.java:37)
	at com.cse.ds.Student.getEmail(Student.java:37)
	at com.cse.ds.Student.getEmail(Student.java:37)
	at com.cse.ds.Student.getEmail(Student.java:37)
	at com.cse.ds.Student.getEmail(Student.java:37)
	at com.cse.ds.Student.getEmail(Student.java:37)
	at com.cse.ds.Student.getEmail(Student.java:37)
	at com.cse.ds.Student.getEmail(Student.java:37)
	at com.cse.ds.Student.getEmail(Student.java:37)
	at com.cse.ds.Student.getEmail(Student.java:37)
	at com.cse.ds.Student.getEmail(Student.java:37)
	at com.cse.ds.Student.getEmail(Student.java:37)
	at com.cse.ds.Student.getEmail(Student.java:37)
	at com.cse.ds.Student.getEmail(Student.java:37)
	at com.cse.ds.Student.getEmail(Student.java:37)
	at com.cse.ds.Student.getEmail(Student.java:37)
	at com.cse.ds.Student.getEmail(Student.java:37)
	at com.cse.ds.Student.getEmail(Student.java:37)
	at com.cse.ds.Student.getEmail(Student.java:37)
	at com.cse.ds.Student.getEmail(Student.java:37)
	at com.cse.ds.Student.getEmail(Student.java:37)
	at com.cse.ds.Student.getEmail(Student.java:37)
	at com.cse.ds.Student.getEmail(Student.java:37)
	at com.cse.ds.Student.getEmail(Student.java:37)
	at com.cse.ds.Student.getEmail(Student.java:37)
	at com.cse.ds.Student.getEmail(Student.java:37)
	at com.cse.ds.Student.getEmail(Student.java:37)
	at com.cse.ds.Student.getEmail(Student.java:37)
	at com.cse.ds.Student.getEmail(Student.java:37)
	at com.cse.ds.Student.getEmail(Student.java:37)
	at com.cse.ds.Student.getEmail(Student.java:37)
	at com.cse.ds.Student.getEmail(Student.java:37)
	at com.cse.ds.Student.getEmail(Student.java:37)
	at com.cse.ds.Student.getEmail(Student.java:37)
	at com.cse.ds.Student.getEmail(Student.java:37)
	at com.cse.ds.Student.getEmail(Student.java:37)
	at com.cse.ds.Student.getEmail(Student.java:37)
	at com.cse.ds.Student.getEmail(Student.java:37)
	at com.cse.ds.Student.getEmail(Student.java:37)
	at com.cse.ds.Student.getEmail(Student.java:37)
	at com.cse.ds.Student.getEmail(Student.java:37)
	at com.cse.ds.Student.getEmail(Student.java:37)
	at com.cse.ds.Student.getEmail(Student.java:37)
	at com.cse.ds.Student.getEmail(Student.java:37)
	at com.cse.ds.Student.getEmail(Student.java:37)
	at com.cse.ds.Student.getEmail(Student.java:37)
	at com.cse.ds.Student.getEmail(Student.java:37)
	at com.cse.ds.Student.getEmail(Student.java:37)
	at com.cse.ds.Student.getEmail(Student.java:37)
	at com.cse.ds.Student.getEmail(Student.java:37)
	at com.cse.ds.Student.getEmail(Student.java:37)
	at com.cse.ds.Student.getEmail(Student.java:37)
	at com.cse.ds.Student.getEmail(Student.java:37)
	at com.cse.ds.Student.getEmail(Student.java:37)
	at com.cse.ds.Student.getEmail(Student.java:37)
	at com.cse.ds.Student.getEmail(Student.java:37)
	at com.cse.ds.Student.getEmail(Student.java:37)
	at com.cse.ds.Student.getEmail(Student.java:37)
	at com.cse.ds.Student.getEmail(Student.java:37)
	at com.cse.ds.Student.getEmail(Student.java:37)
	at com.cse.ds.Student.getEmail(Student.java:37)
	at com.cse.ds.Student.getEmail(Student.java:37)
	at com.cse.ds.Student.getEmail(Student.java:37)
	at com.cse.ds.Student.getEmail(Student.java:37)
	at com.cse.ds.Student.getEmail(Student.java:37)
	at com.cse.ds.Student.getEmail(Student.java:37)
	at com.cse.ds.Student.getEmail(Student.java:37)
	at com.cse.ds.Student.getEmail(Student.java:37)
	at com.cse.ds.Student.getEmail(Student.java:37)
	at com.cse.ds.Student.getEmail(Student.java:37)
	at com.cse.ds.Student.getEmail(Student.java:37)
	at com.cse.ds.Student.getEmail(Student.java:37)
	at com.cse.ds.Student.getEmail(Student.java:37)
	at com.cse.ds.Student.getEmail(Student.java:37)
	at com.cse.ds.Student.getEmail(Student.java:37)
	at com.cse.ds.Student.getEmail(Student.java:37)
	at com.cse.ds.Student.getEmail(Student.java:37)
	at com.cse.ds.Student.getEmail(Student.java:37)
	at com.cse.ds.Student.getEmail(Student.java:37)
	at com.cse.ds.Student.getEmail(Student.java:37)
	at com.cse.ds.Student.getEmail(Student.java:37)
	at com.cse.ds.Student.getEmail(Student.java:37)
	at com.cse.ds.Student.getEmail(Student.java:37)
	at com.cse.ds.Student.getEmail(Student.java:37)
	at com.cse.ds.Student.getEmail(Student.java:37)
	at com.cse.ds.Student.getEmail(Student.java:37)
	at com.cse.ds.Student.getEmail(Student.java:37)
	at com.cse.ds.Student.getEmail(Student.java:37)
	at com.cse.ds.Student.getEmail(Student.java:37)
	at com.cse.ds.Student.getEmail(Student.java:37)
	at com.cse.ds.Student.getEmail(Student.java:37)
	at com.cse.ds.Student.getEmail(Student.java:37)
	at com.cse.ds.Student.getEmail(Student.java:37)
	at com.cse.ds.Student.getEmail(Student.java:37)
	at com.cse.ds.Student.getEmail(Student.java:37)
	at com.cse.ds.Student.getEmail(Student.java:37)
	at com.cse.ds.Student.getEmail(Student.java:37)
	at com.cse.ds.Student.getEmail(Student.java:37)
	at com.cse.ds.Student.getEmail(Student.java:37)
	at com.cse.ds.Student.getEmail(Student.java:37)
	at com.cse.ds.Student.getEmail(Student.java:37)
	at com.cse.ds.Student.getEmail(Student.java:37)
	at com.cse.ds.Student.getEmail(Student.java:37)
	at com.cse.ds.Student.getEmail(Student.java:37)
	at com.cse.ds.Student.getEmail(Student.java:37)
	at com.cse.ds.Student.getEmail(Student.java:37)
	at com.cse.ds.Student.getEmail(Student.java:37)
	at com.cse.ds.Student.getEmail(Student.java:37)
	at com.cse.ds.Student.getEmail(Student.java:37)
	at com.cse.ds.Student.getEmail(Student.java:37)
	at com.cse.ds.Student.getEmail(Student.java:37)
	at com.cse.ds.Student.getEmail(Student.java:37)
	at com.cse.ds.Student.getEmail(Student.java:37)
	at com.cse.ds.Student.getEmail(Student.java:37)
	at com.cse.ds.Student.getEmail(Student.java:37)
	at com.cse.ds.Student.getEmail(Student.java:37)
	at com.cse.ds.Student.getEmail(Student.java:37)
	at com.cse.ds.Student.getEmail(Student.java:37)
	at com.cse.ds.Student.getEmail(Student.java:37)
	at com.cse.ds.Student.getEmail(Student.java:37)
	at com.cse.ds.Student.getEmail(Student.java:37)
	at com.cse.ds.Student.getEmail(Student.java:37)
	at com.cse.ds.Student.getEmail(Student.java:37)
	at com.cse.ds.Student.getEmail(Student.java:37)
	at com.cse.ds.Student.getEmail(Student.java:37)
	at com.cse.ds.Student.getEmail(Student.java:37)
	at com.cse.ds.Student.getEmail(Student.java:37)
	at com.cse.ds.Student.getEmail(Student.java:37)
	at com.cse.ds.Student.getEmail(Student.java:37)
	at com.cse.ds.Student.getEmail(Student.java:37)
	at com.cse.ds.Student.getEmail(Student.java:37)
	at com.cse.ds.Student.getEmail(Student.java:37)
	at com.cse.ds.Student.getEmail(Student.java:37)
	at com.cse.ds.Student.getEmail(Student.java:37)
	at com.cse.ds.Student.getEmail(Student.java:37)
	at com.cse.ds.Student.getEmail(Student.java:37)
	at com.cse.ds.Student.getEmail(Student.java:37)
	at com.cse.ds.Student.getEmail(Student.java:37)
	at com.cse.ds.Student.getEmail(Student.java:37)
	at com.cse.ds.Student.getEmail(Student.java:37)
	at com.cse.ds.Student.getEmail(Student.java:37)
	at com.cse.ds.Student.getEmail(Student.java:37)
	at com.cse.ds.Student.getEmail(Student.java:37)
	at com.cse.ds.Student.getEmail(Student.java:37)
	at com.cse.ds.Student.getEmail(Student.java:37)
	at com.cse.ds.Student.getEmail(Student.java:37)
	at com.cse.ds.Student.getEmail(Student.java:37)
	at com.cse.ds.Student.getEmail(Student.java:37)
	at com.cse.ds.Student.getEmail(Student.java:37)
	at com.cse.ds.Student.getEmail(Student.java:37)
	at com.cse.ds.Student.getEmail(Student.java:37)
	at com.cse.ds.Student.getEmail(Student.java:37)
	at com.cse.ds.Student.getEmail(Student.java:37)
	at com.cse.ds.Student.getEmail(Student.java:37)
	at com.cse.ds.Student.getEmail(Student.java:37)
	at com.cse.ds.Student.getEmail(Student.java:37)
	at com.cse.ds.Student.getEmail(Student.java:37)
	at com.cse.ds.Student.getEmail(Student.java:37)
	at com.cse.ds.Student.getEmail(Student.java:37)
	at com.cse.ds.Student.getEmail(Student.java:37)
	at com.cse.ds.Student.getEmail(Student.java:37)
	at com.cse.ds.Student.getEmail(Student.java:37)
	at com.cse.ds.Student.getEmail(Student.java:37)
	at com.cse.ds.Student.getEmail(Student.java:37)
	at com.cse.ds.Student.getEmail(Student.java:37)
	at com.cse.ds.Student.getEmail(Student.java:37)
	at com.cse.ds.Student.getEmail(Student.java:37)
	at com.cse.ds.Student.getEmail(Student.java:37)
	at com.cse.ds.Student.getEmail(Student.java:37)
	at com.cse.ds.Student.getEmail(Student.java:37)
	at com.cse.ds.Student.getEmail(Student.java:37)
	at com.cse.ds.Student.getEmail(Student.java:37)
	at com.cse.ds.Student.getEmail(Student.java:37)
	at com.cse.ds.Student.getEmail(Student.java:37)
	at com.cse.ds.Student.getEmail(Student.java:37)
	at com.cse.ds.Student.getEmail(Student.java:37)
	at com.cse.ds.Student.getEmail(Student.java:37)
	at com.cse.ds.Student.getEmail(Student.java:37)
	at com.cse.ds.Student.getEmail(Student.java:37)
	at com.cse.ds.Student.getEmail(Student.java:37)
	at com.cse.ds.Student.getEmail(Student.java:37)
	at com.cse.ds.Student.getEmail(Student.java:37)
	at com.cse.ds.Student.getEmail(Student.java:37)
	at com.cse.ds.Student.getEmail(Student.java:37)
	at com.cse.ds.Student.getEmail(Student.java:37)
	at com.cse.ds.Student.getEmail(Student.java:37)
	at com.cse.ds.Student.getEmail(Student.java:37)
	at com.cse.ds.Student.getEmail(Student.java:37)
	at com.cse.ds.Student.getEmail(Student.java:37)
	at com.cse.ds.Student.getEmail(Student.java:37)
	at com.cse.ds.Student.getEmail(Student.java:37)
	at com.cse.ds.Student.getEmail(Student.java:37)
	at com.cse.ds.Student.getEmail(Student.java:37)
	at com.cse.ds.Student.getEmail(Student.java:37)
	at com.cse.ds.Student.getEmail(Student.java:37)
	at com.cse.ds.Student.getEmail(Student.java:37)
	at com.cse.ds.Student.getEmail(Student.java:37)
	at com.cse.ds.Student.getEmail(Student.java:37)
	at com.cse.ds.Student.getEmail(Student.java:37)
	at com.cse.ds.Student.getEmail(Student.java:37)
	at com.cse.ds.Student.getEmail(Student.java:37)
	at com.cse.ds.Student.getEmail(Student.java:37)
	at com.cse.ds.Student.getEmail(Student.java:37)
	at com.cse.ds.Student.getEmail(Student.java:37)
	at com.cse.ds.Student.getEmail(Student.java:37)
	at com.cse.ds.Student.getEmail(Student.java:37)
	at com.cse.ds.Student.getEmail(Student.java:37)
	at com.cse.ds.Student.getEmail(Student.java:37)
	at com.cse.ds.Student.getEmail(Student.java:37)
	at com.cse.ds.Student.getEmail(Student.java:37)
	at com.cse.ds.Student.getEmail(Student.java:37)
	at com.cse.ds.Student.getEmail(Student.java:37)
	at com.cse.ds.Student.getEmail(Student.java:37)
	at com.cse.ds.Student.getEmail(Student.java:37)
	at com.cse.ds.Student.getEmail(Student.java:37)
	at com.cse.ds.Student.getEmail(Student.java:37)
	at com.cse.ds.Student.getEmail(Student.java:37)
	at com.cse.ds.Student.getEmail(Student.java:37)
	at com.cse.ds.Student.getEmail(Student.java:37)
	at com.cse.ds.Student.getEmail(Student.java:37)
	at com.cse.ds.Student.getEmail(Student.java:37)
	at com.cse.ds.Student.getEmail(Student.java:37)
	at com.cse.ds.Student.getEmail(Student.java:37)
	at com.cse.ds.Student.getEmail(Student.java:37)
	at com.cse.ds.Student.getEmail(Student.java:37)
	at com.cse.ds.Student.getEmail(Student.java:37)
	at com.cse.ds.Student.getEmail(Student.java:37)
	at com.cse.ds.Student.getEmail(Student.java:37)
	at com.cse.ds.Student.getEmail(Student.java:37)
	at com.cse.ds.Student.getEmail(Student.java:37)
	at com.cse.ds.Student.getEmail(Student.java:37)
	at com.cse.ds.Student.getEmail(Student.java:37)
	at com.cse.ds.Student.getEmail(Student.java:37)
	at com.cse.ds.Student.getEmail(Student.java:37)
	at com.cse.ds.Student.getEmail(Student.java:37)
	at com.cse.ds.Student.getEmail(Student.java:37)
	at com.cse.ds.Student.getEmail(Student.java:37)
	at com.cse.ds.Student.getEmail(Student.java:37)
	at com.cse.ds.Student.getEmail(Student.java:37)
	at com.cse.ds.Student.getEmail(Student.java:37)
	at com.cse.ds.Student.getEmail(Student.java:37)
	at com.cse.ds.Student.getEmail(Student.java:37)
	at com.cse.ds.Student.getEmail(Student.java:37)
	at com.cse.ds.Student.getEmail(Student.java:37)
	at com.cse.ds.Student.getEmail(Student.java:37)
	at com.cse.ds.Student.getEmail(Student.java:37)
	at com.cse.ds.Student.getEmail(Student.java:37)
	at com.cse.ds.Student.getEmail(Student.java:37)
	at com.cse.ds.Student.getEmail(Student.java:37)
	at com.cse.ds.Student.getEmail(Student.java:37)
	at com.cse.ds.Student.getEmail(Student.java:37)
	at com.cse.ds.Student.getEmail(Student.java:37)
	at com.cse.ds.Student.getEmail(Student.java:37)
	at com.cse.ds.Student.getEmail(Student.java:37)
	at com.cse.ds.Student.getEmail(Student.java:37)
	at com.cse.ds.Student.getEmail(Student.java:37)
	at com.cse.ds.Student.getEmail(Student.java:37)
	at com.cse.ds.Student.getEmail(Student.java:37)
	at com.cse.ds.Student.getEmail(Student.java:37)
	at com.cse.ds.Student.getEmail(Student.java:37)
	at com.cse.ds.Student.getEmail(Student.java:37)
	at com.cse.ds.Student.getEmail(Student.java:37)
	at com.cse.ds.Student.getEmail(Student.java:37)
	at com.cse.ds.Student.getEmail(Student.java:37)
	at com.cse.ds.Student.getEmail(Student.java:37)
	at com.cse.ds.Student.getEmail(Student.java:37)
	at com.cse.ds.Student.getEmail(Student.java:37)
	at com.cse.ds.Student.getEmail(Student.java:37)
	at com.cse.ds.Student.getEmail(Student.java:37)
	at com.cse.ds.Student.getEmail(Student.java:37)
	at com.cse.ds.Student.getEmail(Student.java:37)
	at com.cse.ds.Student.getEmail(Student.java:37)
	at com.cse.ds.Student.getEmail(Student.java:37)
	at com.cse.ds.Student.getEmail(Student.java:37)
	at com.cse.ds.Student.getEmail(Student.java:37)
	at com.cse.ds.Student.getEmail(Student.java:37)
	at com.cse.ds.Student.getEmail(Student.java:37)
	at com.cse.ds.Student.getEmail(Student.java:37)
	at com.cse.ds.Student.getEmail(Student.java:37)
	at com.cse.ds.Student.getEmail(Student.java:37)
	at com.cse.ds.Student.getEmail(Student.java:37)
	at com.cse.ds.Student.getEmail(Student.java:37)
	at com.cse.ds.Student.getEmail(Student.java:37)
	at com.cse.ds.Student.getEmail(Student.java:37)
	at com.cse.ds.Student.getEmail(Student.java:37)
	at com.cse.ds.Student.getEmail(Student.java:37)
	at com.cse.ds.Student.getEmail(Student.java:37)
	at com.cse.ds.Student.getEmail(Student.java:37)
	at com.cse.ds.Student.getEmail(Student.java:37)
	at com.cse.ds.Student.getEmail(Student.java:37)
	at com.cse.ds.Student.getEmail(Student.java:37)
	at com.cse.ds.Student.getEmail(Student.java:37)
	at com.cse.ds.Student.getEmail(Student.java:37)
	at com.cse.ds.Student.getEmail(Student.java:37)
	at com.cse.ds.Student.getEmail(Student.java:37)
	at com.cse.ds.Student.getEmail(Student.java:37)
	at com.cse.ds.Student.getEmail(Student.java:37)
	at com.cse.ds.Student.getEmail(Student.java:37)
	at com.cse.ds.Student.getEmail(Student.java:37)
	at com.cse.ds.Student.getEmail(Student.java:37)
	at com.cse.ds.Student.getEmail(Student.java:37)
	at com.cse.ds.Student.getEmail(Student.java:37)
	at com.cse.ds.Student.getEmail(Student.java:37)
	at com.cse.ds.Student.getEmail(Student.java:37)
	at com.cse.ds.Student.getEmail(Student.java:37)
	at com.cse.ds.Student.getEmail(Student.java:37)
	at com.cse.ds.Student.getEmail(Student.java:37)
	at com.cse.ds.Student.getEmail(Student.java:37)
	at com.cse.ds.Student.getEmail(Student.java:37)
	at com.cse.ds.Student.getEmail(Student.java:37)
	at com.cse.ds.Student.getEmail(Student.java:37)
	at com.cse.ds.Student.getEmail(Student.java:37)
	at com.cse.ds.Student.getEmail(Student.java:37)
	at com.cse.ds.Student.getEmail(Student.java:37)
	at com.cse.ds.Student.getEmail(Student.java:37)
	at com.cse.ds.Student.getEmail(Student.java:37)
	at com.cse.ds.Student.getEmail(Student.java:37)
	at com.cse.ds.Student.getEmail(Student.java:37)
	at com.cse.ds.Student.getEmail(Student.java:37)
	at com.cse.ds.Student.getEmail(Student.java:37)
	at com.cse.ds.Student.getEmail(Student.java:37)
	at com.cse.ds.Student.getEmail(Student.java:37)
	at com.cse.ds.Student.getEmail(Student.java:37)
	at com.cse.ds.Student.getEmail(Student.java:37)
	at com.cse.ds.Student.getEmail(Student.java:37)
	at com.cse.ds.Student.getEmail(Student.java:37)
	at com.cse.ds.Student.getEmail(Student.java:37)
	at com.cse.ds.Student.getEmail(Student.java:37)
	at com.cse.ds.Student.getEmail(Student.java:37)
	at com.cse.ds.Student.getEmail(Student.java:37)
	at com.cse.ds.Student.getEmail(Student.java:37)
	at com.cse.ds.Student.getEmail(Student.java:37)
	at com.cse.ds.Student.getEmail(Student.java:37)
	at com.cse.ds.Student.getEmail(Student.java:37)
	at com.cse.ds.Student.getEmail(Student.java:37)
	at com.cse.ds.Student.getEmail(Student.java:37)
	at com.cse.ds.Student.getEmail(Student.java:37)
	at com.cse.ds.Student.getEmail(Student.java:37)
	at com.cse.ds.Student.getEmail(Student.java:37)
	at com.cse.ds.Student.getEmail(Student.java:37)
	at com.cse.ds.Student.getEmail(Student.java:37)
	at com.cse.ds.Student.getEmail(Student.java:37)
	at com.cse.ds.Student.getEmail(Student.java:37)
	at com.cse.ds.Student.getEmail(Student.java:37)
	at com.cse.ds.Student.getEmail(Student.java:37)
	at com.cse.ds.Student.getEmail(Student.java:37)
	at com.cse.ds.Student.getEmail(Student.java:37)
	at com.cse.ds.Student.getEmail(Student.java:37)
	at com.cse.ds.Student.getEmail(Student.java:37)
	at com.cse.ds.Student.getEmail(Student.java:37)
	at com.cse.ds.Student.getEmail(Student.java:37)
	at com.cse.ds.Student.getEmail(Student.java:37)
	at com.cse.ds.Student.getEmail(Student.java:37)
	at com.cse.ds.Student.getEmail(Student.java:37)
	at com.cse.ds.Student.getEmail(Student.java:37)
	at com.cse.ds.Student.getEmail(Student.java:37)
	at com.cse.ds.Student.getEmail(Student.java:37)
	at com.cse.ds.Student.getEmail(Student.java:37)
	at com.cse.ds.Student.getEmail(Student.java:37)
	at com.cse.ds.Student.getEmail(Student.java:37)
	at com.cse.ds.Student.getEmail(Student.java:37)
	at com.cse.ds.Student.getEmail(Student.java:37)
	at com.cse.ds.Student.getEmail(Student.java:37)
	at com.cse.ds.Student.getEmail(Student.java:37)
	at com.cse.ds.Student.getEmail(Student.java:37)
	at com.cse.ds.Student.getEmail(Student.java:37)
	at com.cse.ds.Student.getEmail(Student.java:37)
	at com.cse.ds.Student.getEmail(Student.java:37)
	at com.cse.ds.Student.getEmail(Student.java:37)
	at com.cse.ds.Student.getEmail(Student.java:37)
	at com.cse.ds.Student.getEmail(Student.java:37)
	at com.cse.ds.Student.getEmail(Student.java:37)
	at com.cse.ds.Student.getEmail(Student.java:37)
	at com.cse.ds.Student.getEmail(Student.java:37)
	at com.cse.ds.Student.getEmail(Student.java:37)
	at com.cse.ds.Student.getEmail(Student.java:37)
	at com.cse.ds.Student.getEmail(Student.java:37)
	at com.cse.ds.Student.getEmail(Student.java:37)
	at com.cse.ds.Student.getEmail(Student.java:37)
	at com.cse.ds.Student.getEmail(Student.java:37)
	at com.cse.ds.Student.getEmail(Student.java:37)
	at com.cse.ds.Student.getEmail(Student.java:37)
	at com.cse.ds.Student.getEmail(Student.java:37)
	at com.cse.ds.Student.getEmail(Student.java:37)
	at com.cse.ds.Student.getEmail(Student.java:37)
	at com.cse.ds.Student.getEmail(Student.java:37)
	at com.cse.ds.Student.getEmail(Student.java:37)
	at com.cse.ds.Student.getEmail(Student.java:37)
	at com.cse.ds.Student.getEmail(Student.java:37)
	at com.cse.ds.Student.getEmail(Student.java:37)
	at com.cse.ds.Student.getEmail(Student.java:37)
	at com.cse.ds.Student.getEmail(Student.java:37)
	at com.cse.ds.Student.getEmail(Student.java:37)
	at com.cse.ds.Student.getEmail(Student.java:37)
	at com.cse.ds.Student.getEmail(Student.java:37)
	at com.cse.ds.Student.getEmail(Student.java:37)
	at com.cse.ds.Student.getEmail(Student.java:37)
	at com.cse.ds.Student.getEmail(Student.java:37)
	at com.cse.ds.Student.getEmail(Student.java:37)
	at com.cse.ds.Student.getEmail(Student.java:37)
	at com.cse.ds.Student.getEmail(Student.java:37)
	at com.cse.ds.Student.getEmail(Student.java:37)
	at com.cse.ds.Student.getEmail(Student.java:37)
	at com.cse.ds.Student.getEmail(Student.java:37)
	at com.cse.ds.Student.getEmail(Student.java:37)
	at com.cse.ds.Student.getEmail(Student.java:37)
	at com.cse.ds.Student.getEmail(Student.java:37)
	at com.cse.ds.Student.getEmail(Student.java:37)
	at com.cse.ds.Student.getEmail(Student.java:37)
	at com.cse.ds.Student.getEmail(Student.java:37)
	at com.cse.ds.Student.getEmail(Student.java:37)
	at com.cse.ds.Student.getEmail(Student.java:37)
	at com.cse.ds.Student.getEmail(Student.java:37)
	at com.cse.ds.Student.getEmail(Student.java:37)
	at com.cse.ds.Student.getEmail(Student.java:37)
	at com.cse.ds.Student.getEmail(Student.java:37)
	at com.cse.ds.Student.getEmail(Student.java:37)
	at com.cse.ds.Student.getEmail(Student.java:37)
	at com.cse.ds.Student.getEmail(Student.java:37)
	at com.cse.ds.Student.getEmail(Student.java:37)
	at com.cse.ds.Student.getEmail(Student.java:37)
	at com.cse.ds.Student.getEmail(Student.java:37)
	at com.cse.ds.Student.getEmail(Student.java:37)
	at com.cse.ds.Student.getEmail(Student.java:37)
	at com.cse.ds.Student.getEmail(Student.java:37)
	at com.cse.ds.Student.getEmail(Student.java:37)
	at com.cse.ds.Student.getEmail(Student.java:37)
	at com.cse.ds.Student.getEmail(Student.java:37)
	at com.cse.ds.Student.getEmail(Student.java:37)
	at com.cse.ds.Student.getEmail(Student.java:37)
	at com.cse.ds.Student.getEmail(Student.java:37)
	at com.cse.ds.Student.getEmail(Student.java:37)
	at com.cse.ds.Student.getEmail(Student.java:37)
	at com.cse.ds.Student.getEmail(Student.java:37)
	at com.cse.ds.Student.getEmail(Student.java:37)
	at com.cse.ds.Student.getEmail(Student.java:37)
	at com.cse.ds.Student.getEmail(Student.java:37)
	at com.cse.ds.Student.getEmail(Student.java:37)
	at com.cse.ds.Student.getEmail(Student.java:37)
	at com.cse.ds.Student.getEmail(Student.java:37)
	at com.cse.ds.Student.getEmail(Student.java:37)
	at com.cse.ds.Student.getEmail(Student.java:37)
	at com.cse.ds.Student.getEmail(Student.java:37)
	at com.cse.ds.Student.getEmail(Student.java:37)
	at com.cse.ds.Student.getEmail(Student.java:37)
	at com.cse.ds.Student.getEmail(Student.java:37)
	at com.cse.ds.Student.getEmail(Student.java:37)
	at com.cse.ds.Student.getEmail(Student.java:37)
	at com.cse.ds.Student.getEmail(Student.java:37)
	at com.cse.ds.Student.getEmail(Student.java:37)
	at com.cse.ds.Student.getEmail(Student.java:37)
	at com.cse.ds.Student.getEmail(Student.java:37)
	at com.cse.ds.Student.getEmail(Student.java:37)
	at com.cse.ds.Student.getEmail(Student.java:37)
	at com.cse.ds.Student.getEmail(Student.java:37)
	at com.cse.ds.Student.getEmail(Student.java:37)
	at com.cse.ds.Student.getEmail(Student.java:37)
	at com.cse.ds.Student.getEmail(Student.java:37)
	at com.cse.ds.Student.getEmail(Student.java:37)
	at com.cse.ds.Student.getEmail(Student.java:37)
	at com.cse.ds.Student.getEmail(Student.java:37)
	at com.cse.ds.Student.getEmail(Student.java:37)
	at com.cse.ds.Student.getEmail(Student.java:37)
	at com.cse.ds.Student.getEmail(Student.java:37)
	at com.cse.ds.Student.getEmail(Student.java:37)
	at com.cse.ds.Student.getEmail(Student.java:37)
	at com.cse.ds.Student.getEmail(Student.java:37)
	at com.cse.ds.Student.getEmail(Student.java:37)
	at com.cse.ds.Student.getEmail(Student.java:37)
	at com.cse.ds.Student.getEmail(Student.java:37)
	at com.cse.ds.Student.getEmail(Student.java:37)
	at com.cse.ds.Student.getEmail(Student.java:37)
	at com.cse.ds.Student.getEmail(Student.java:37)
	at com.cse.ds.Student.getEmail(Student.java:37)
	at com.cse.ds.Student.getEmail(Student.java:37)
	at com.cse.ds.Student.getEmail(Student.java:37)
	at com.cse.ds.Student.getEmail(Student.java:37)
	at com.cse.ds.Student.getEmail(Student.java:37)
	at com.cse.ds.Student.getEmail(Student.java:37)
	at com.cse.ds.Student.getEmail(Student.java:37)
	at com.cse.ds.Student.getEmail(Student.java:37)
	at com.cse.ds.Student.getEmail(Student.java:37)
	at com.cse.ds.Student.getEmail(Student.java:37)
	at com.cse.ds.Student.getEmail(Student.java:37)
	at com.cse.ds.Student.getEmail(Student.java:37)
	at com.cse.ds.Student.getEmail(Student.java:37)
	at com.cse.ds.Student.getEmail(Student.java:37)
	at com.cse.ds.Student.getEmail(Student.java:37)
	at com.cse.ds.Student.getEmail(Student.java:37)
	at com.cse.ds.Student.getEmail(Student.java:37)
	at com.cse.ds.Student.getEmail(Student.java:37)
	at com.cse.ds.Student.getEmail(Student.java:37)
	at com.cse.ds.Student.getEmail(Student.java:37)
	at com.cse.ds.Student.getEmail(Student.java:37)
	at com.cse.ds.Student.getEmail(Student.java:37)
	at com.cse.ds.Student.getEmail(Student.java:37)
	at com.cse.ds.Student.getEmail(Student.java:37)
	at com.cse.ds.Student.getEmail(Student.java:37)
	at com.cse.ds.Student.getEmail(Student.java:37)
	at com.cse.ds.Student.getEmail(Student.java:37)
	at com.cse.ds.Student.getEmail(Student.java:37)
	at com.cse.ds.Student.getEmail(Student.java:37)
	at com.cse.ds.Student.getEmail(Student.java:37)
	at com.cse.ds.Student.getEmail(Student.java:37)
	at com.cse.ds.Student.getEmail(Student.java:37)
	at com.cse.ds.Student.getEmail(Student.java:37)
	at com.cse.ds.Student.getEmail(Student.java:37)
	at com.cse.ds.Student.getEmail(Student.java:37)
	at com.cse.ds.Student.getEmail(Student.java:37)
	at com.cse.ds.Student.getEmail(Student.java:37)
	at com.cse.ds.Student.getEmail(Student.java:37)
	at com.cse.ds.Student.getEmail(Student.java:37)
	at com.cse.ds.Student.getEmail(Student.java:37)
	at com.cse.ds.Student.getEmail(Student.java:37)
	at com.cse.ds.Student.getEmail(Student.java:37)
	at com.cse.ds.Student.getEmail(Student.java:37)
	at com.cse.ds.Student.getEmail(Student.java:37)
	at com.cse.ds.Student.getEmail(Student.java:37)
	at com.cse.ds.Student.getEmail(Student.java:37)
	at com.cse.ds.Student.getEmail(Student.java:37)
	at com.cse.ds.Student.getEmail(Student.java:37)
	at com.cse.ds.Student.getEmail(Student.java:37)
	at com.cse.ds.Student.getEmail(Student.java:37)
	at com.cse.ds.Student.getEmail(Student.java:37)
	at com.cse.ds.Student.getEmail(Student.java:37)
	at com.cse.ds.Student.getEmail(Student.java:37)
	at com.cse.ds.Student.getEmail(Student.java:37)
	at com.cse.ds.Student.getEmail(Student.java:37)
	at com.cse.ds.Student.getEmail(Student.java:37)
	at com.cse.ds.Student.getEmail(Student.java:37)
	at com.cse.ds.Student.getEmail(Student.java:37)
	at com.cse.ds.Student.getEmail(Student.java:37)
	at com.cse.ds.Student.getEmail(Student.java:37)
	at com.cse.ds.Student.getEmail(Student.java:37)
	at com.cse.ds.Student.getEmail(Student.java:37)
	at com.cse.ds.Student.getEmail(Student.java:37)
	at com.cse.ds.Student.getEmail(Student.java:37)
	at com.cse.ds.Student.getEmail(Student.java:37)
	at com.cse.ds.Student.getEmail(Student.java:37)
	at com.cse.ds.Student.getEmail(Student.java:37)
	at com.cse.ds.Student.getEmail(Student.java:37)
	at com.cse.ds.Student.getEmail(Student.java:37)
	at com.cse.ds.Student.getEmail(Student.java:37)
	at com.cse.ds.Student.getEmail(Student.java:37)
	at com.cse.ds.Student.getEmail(Student.java:37)
	at com.cse.ds.Student.getEmail(Student.java:37)
	at com.cse.ds.Student.getEmail(Student.java:37)
	at com.cse.ds.Student.getEmail(Student.java:37)
	at com.cse.ds.Student.getEmail(Student.java:37)
	at com.cse.ds.Student.getEmail(Student.java:37)
	at com.cse.ds.Student.getEmail(Student.java:37)
	at com.cse.ds.Student.getEmail(Student.java:37)
	at com.cse.ds.Student.getEmail(Student.java:37)
	at com.cse.ds.Student.getEmail(Student.java:37)
	at com.cse.ds.Student.getEmail(Student.java:37)
	at com.cse.ds.Student.getEmail(Student.java:37)
	at com.cse.ds.Student.getEmail(Student.java:37)
	at com.cse.ds.Student.getEmail(Student.java:37)
	at com.cse.ds.Student.getEmail(Student.java:37)
	at com.cse.ds.Student.getEmail(Student.java:37)
	at com.cse.ds.Student.getEmail(Student.java:37)
	at com.cse.ds.Student.getEmail(Student.java:37)
	at com.cse.ds.Student.getEmail(Student.java:37)
	at com.cse.ds.Student.getEmail(Student.java:37)
	at com.cse.ds.Student.getEmail(Student.java:37)
	at com.cse.ds.Student.getEmail(Student.java:37)
	at com.cse.ds.Student.getEmail(Student.java:37)
	at com.cse.ds.Student.getEmail(Student.java:37)
	at com.cse.ds.Student.getEmail(Student.java:37)
	at com.cse.ds.Student.getEmail(Student.java:37)
	at com.cse.ds.Student.getEmail(Student.java:37)
	at com.cse.ds.Student.getEmail(Student.java:37)
	at com.cse.ds.Student.getEmail(Student.java:37)
	at com.cse.ds.Student.getEmail(Student.java:37)
	at com.cse.ds.Student.getEmail(Student.java:37)
	at com.cse.ds.Student.getEmail(Student.java:37)
	at com.cse.ds.Student.getEmail(Student.java:37)
	at com.cse.ds.Student.getEmail(Student.java:37)
	at com.cse.ds.Student.getEmail(Student.java:37)
	at com.cse.ds.Student.getEmail(Student.java:37)
	at com.cse.ds.Student.getEmail(Student.java:37)
	at com.cse.ds.Student.getEmail(Student.java:37)
	at com.cse.ds.Student.getEmail(Student.java:37)
	at com.cse.ds.Student.getEmail(Student.java:37)
	at com.cse.ds.Student.getEmail(Student.java:37)
	at com.cse.ds.Student.getEmail(Student.java:37)
	at com.cse.ds.Student.getEmail(Student.java:37)
	at com.cse.ds.Student.getEmail(Student.java:37)
	at com.cse.ds.Student.getEmail(Student.java:37)
	at com.cse.ds.Student.getEmail(Student.java:37)
	at com.cse.ds.Student.getEmail(Student.java:37)
	at com.cse.ds.Student.getEmail(Student.java:37)
	at com.cse.ds.Student.getEmail(Student.java:37)
	at com.cse.ds.Student.getEmail(Student.java:37)
	at com.cse.ds.Student.getEmail(Student.java:37)
	at com.cse.ds.Student.getEmail(Student.java:37)
	at com.cse.ds.Student.getEmail(Student.java:37)
	at com.cse.ds.Student.getEmail(Student.java:37)
	at com.cse.ds.Student.getEmail(Student.java:37)
	at com.cse.ds.Student.getEmail(Student.java:37)
	at com.cse.ds.Student.getEmail(Student.java:37)
	at com.cse.ds.Student.getEmail(Student.java:37)
	at com.cse.ds.Student.getEmail(Student.java:37)
	at com.cse.ds.Student.getEmail(Student.java:37)
	at com.cse.ds.Student.getEmail(Student.java:37)
	at com.cse.ds.Student.getEmail(Student.java:37)
	at com.cse.ds.Student.getEmail(Student.java:37)
	at com.cse.ds.Student.getEmail(Student.java:37)
	at com.cse.ds.Student.getEmail(Student.java:37)
	at com.cse.ds.Student.getEmail(Student.java:37)
	at com.cse.ds.Student.getEmail(Student.java:37)
	at com.cse.ds.Student.getEmail(Student.java:37)
	at com.cse.ds.Student.getEmail(Student.java:37)
	at com.cse.ds.Student.getEmail(Student.java:37)
	at com.cse.ds.Student.getEmail(Student.java:37)
	at com.cse.ds.Student.getEmail(Student.java:37)
	at com.cse.ds.Student.getEmail(Student.java:37)
	at com.cse.ds.Student.getEmail(Student.java:37)
	at com.cse.ds.Student.getEmail(Student.java:37)
	at com.cse.ds.Student.getEmail(Student.java:37)
	at com.cse.ds.Student.getEmail(Student.java:37)
	at com.cse.ds.Student.getEmail(Student.java:37)
	at com.cse.ds.Student.getEmail(Student.java:37)
	at com.cse.ds.Student.getEmail(Student.java:37)
	at com.cse.ds.Student.getEmail(Student.java:37)
	at com.cse.ds.Student.getEmail(Student.java:37)
	at com.cse.ds.Student.getEmail(Student.java:37)
	at com.cse.ds.Student.getEmail(Student.java:37)
	at com.cse.ds.Student.getEmail(Student.java:37)
	at com.cse.ds.Student.getEmail(Student.java:37)
	at com.cse.ds.Student.getEmail(Student.java:37)
	at com.cse.ds.Student.getEmail(Student.java:37)
	at com.cse.ds.Student.getEmail(Student.java:37)
	at com.cse.ds.Student.getEmail(Student.java:37)
	at com.cse.ds.Student.getEmail(Student.java:37)
	at com.cse.ds.Student.getEmail(Student.java:37)
	at com.cse.ds.Student.getEmail(Student.java:37)
	at com.cse.ds.Student.getEmail(Student.java:37)
	at com.cse.ds.Student.getEmail(Student.java:37)
	at com.cse.ds.Student.getEmail(Student.java:37)
	at com.cse.ds.Student.getEmail(Student.java:37)
	at com.cse.ds.Student.getEmail(Student.java:37)
	at com.cse.ds.Student.getEmail(Student.java:37)
	at com.cse.ds.Student.getEmail(Student.java:37)
	at com.cse.ds.Student.getEmail(Student.java:37)
	at com.cse.ds.Student.getEmail(Student.java:37)
	at com.cse.ds.Student.getEmail(Student.java:37)
	at com.cse.ds.Student.getEmail(Student.java:37)
	at com.cse.ds.Student.getEmail(Student.java:37)
	at com.cse.ds.Student.getEmail(Student.java:37)
	at com.cse.ds.Student.getEmail(Student.java:37)
	at com.cse.ds.Student.getEmail(Student.java:37)
	at com.cse.ds.Student.getEmail(Student.java:37)
	at com.cse.ds.Student.getEmail(Student.java:37)
	at com.cse.ds.Student.getEmail(Student.java:37)
	at com.cse.ds.Student.getEmail(Student.java:37)
	at com.cse.ds.Student.getEmail(Student.java:37)
	at com.cse.ds.Student.getEmail(Student.java:37)
	at com.cse.ds.Student.getEmail(Student.java:37)
	at com.cse.ds.Student.getEmail(Student.java:37)
	at com.cse.ds.Student.getEmail(Student.java:37)
	at com.cse.ds.Student.getEmail(Student.java:37)
	at com.cse.ds.Student.getEmail(Student.java:37)
	at com.cse.ds.Student.getEmail(Student.java:37)
	at com.cse.ds.Student.getEmail(Student.java:37)
	at com.cse.ds.Student.getEmail(Student.java:37)
	at com.cse.ds.Student.getEmail(Student.java:37)
	at com.cse.ds.Student.getEmail(Student.java:37)
	at com.cse.ds.Student.getEmail(Student.java:37)
	at com.cse.ds.Student.getEmail(Student.java:37)
	at com.cse.ds.Student.getEmail(Student.java:37)
	at com.cse.ds.Student.getEmail(Student.java:37)
	at com.cse.ds.Student.getEmail(Student.java:37)
	at com.cse.ds.Student.getEmail(Student.java:37)
	at com.cse.ds.Student.getEmail(Student.java:37)
	at com.cse.ds.Student.getEmail(Student.java:37)
	at com.cse.ds.Student.getEmail(Student.java:37)
	at com.cse.ds.Student.getEmail(Student.java:37)
	at com.cse.ds.Student.getEmail(Student.java:37)
	at com.cse.ds.Student.getEmail(Student.java:37)
	at com.cse.ds.Student.getEmail(Student.java:37)
	at com.cse.ds.Student.getEmail(Student.java:37)
	at com.cse.ds.Student.getEmail(Student.java:37)
	at com.cse.ds.Student.getEmail(Student.java:37)
	at com.cse.ds.Student.getEmail(Student.java:37)
	at com.cse.ds.Student.getEmail(Student.java:37)
	at com.cse.ds.Student.getEmail(Student.java:37)
	at com.cse.ds.Student.getEmail(Student.java:37)
	at com.cse.ds.Student.getEmail(Student.java:37)
	at com.cse.ds.Student.getEmail(Student.java:37)
	at com.cse.ds.Student.getEmail(Student.java:37)
	at com.cse.ds.Student.getEmail(Student.java:37)
	at com.cse.ds.Student.getEmail(Student.java:37)
	at com.cse.ds.Student.getEmail(Student.java:37)
	at com.cse.ds.Student.getEmail(Student.java:37)
	at com.cse.ds.Student.getEmail(Student.java:37)
	at com.cse.ds.Student.getEmail(Student.java:37)
	at com.cse.ds.Student.getEmail(Student.java:37)
	at com.cse.ds.Student.getEmail(Student.java:37)
	at com.cse.ds.Student.getEmail(Student.java:37)
	at com.cse.ds.Student.getEmail(Student.java:37)
	at com.cse.ds.Student.getEmail(Student.java:37)
	at com.cse.ds.Student.getEmail(Student.java:37)
	at com.cse.ds.Student.getEmail(Student.java:37)
	at com.cse.ds.Student.getEmail(Student.java:37)
	at com.cse.ds.Student.getEmail(Student.java:37)
	at com.cse.ds.Student.getEmail(Student.java:37)
	at com.cse.ds.Student.getEmail(Student.java:37)
	at com.cse.ds.Student.getEmail(Student.java:37)
	at com.cse.ds.Student.getEmail(Student.java:37)
	at com.cse.ds.Student.getEmail(Student.java:37)
	at com.cse.ds.Student.getEmail(Student.java:37)
	at com.cse.ds.Student.getEmail(Student.java:37)
	at com.cse.ds.Student.getEmail(Student.java:37)
	at com.cse.ds.Student.getEmail(Student.java:37)
	at com.cse.ds.Student.getEmail(Student.java:37)
	at com.cse.ds.Student.getEmail(Student.java:37)
	at com.cse.ds.Student.getEmail(Student.java:37)
	at com.cse.ds.Student.getEmail(Student.java:37)
	at com.cse.ds.Student.getEmail(Student.java:37)
	at com.cse.ds.Student.getEmail(Student.java:37)
	at com.cse.ds.Student.getEmail(Student.java:37)
	at com.cse.ds.Student.getEmail(Student.java:37)
	at com.cse.ds.Student.getEmail(Student.java:37)
	at com.cse.ds.Student.getEmail(Student.java:37)
	at com.cse.ds.Student.getEmail(Student.java:37)
	at com.cse.ds.Student.getEmail(Student.java:37)
	at com.cse.ds.Student.getEmail(Student.java:37)
	at com.cse.ds.Student.getEmail(Student.java:37)
	at com.cse.ds.Student.getEmail(Student.java:37)
	at com.cse.ds.Student.getEmail(Student.java:37)
	at com.cse.ds.Student.getEmail(Student.java:37)
	at com.cse.ds.Student.getEmail(Student.java:37)
	at com.cse.ds.Student.getEmail(Student.java:37)
	at com.cse.ds.Student.getEmail(Student.java:37)
	at com.cse.ds.Student.getEmail(Student.java:37)
	at com.cse.ds.Student.getEmail(Student.java:37)
	at com.cse.ds.Student.getEmail(Student.java:37)
	at com.cse.ds.Student.getEmail(Student.java:37)
	at com.cse.ds.Student.getEmail(Student.java:37)
	at com.cse.ds.Student.getEmail(Student.java:37)
	at com.cse.ds.Student.getEmail(Student.java:37)
	at com.cse.ds.Student.getEmail(Student.java:37)
	at com.cse.ds.Student.getEmail(Student.java:37)
	at com.cse.ds.Student.getEmail(Student.java:37)
	at com.cse.ds.Student.getEmail(Student.java:37)
	at com.cse.ds.Student.getEmail(Student.java:37)
	at com.cse.ds.Student.getEmail(Student.java:37)
	at com.cse.ds.Student.getEmail(Student.java:37)
	at com.cse.ds.Student.getEmail(Student.java:37)
	at com.cse.ds.Student.getEmail(Student.java:37)
	at com.cse.ds.Student.getEmail(Student.java:37)
	at com.cse.ds.Student.getEmail(Student.java:37)
	at com.cse.ds.Student.getEmail(Student.java:37)
	at com.cse.ds.Student.getEmail(Student.java:37)
	at com.cse.ds.Student.getEmail(Student.java:37)
	at com.cse.ds.Student.getEmail(Student.java:37)
	at com.cse.ds.Student.getEmail(Student.java:37)
	at com.cse.ds.Student.getEmail(Student.java:37)
	at com.cse.ds.Student.getEmail(Student.java:37)
	at com.cse.ds.Student.getEmail(Student.java:37)
	at com.cse.ds.Student.getEmail(Student.java:37)
	at com.cse.ds.Student.getEmail(Student.java:37)
	at com.cse.ds.Student.getEmail(Student.java:37)
	at com.cse.ds.Student.getEmail(Student.java:37)
	at com.cse.ds.Student.getEmail(Student.java:37)
	at com.cse.ds.Student.getEmail(Student.java:37)
	at com.cse.ds.Student.getEmail(Student.java:37)
	at com.cse.ds.Student.getEmail(Student.java:37)
	at com.cse.ds.Student.getEmail(Student.java:37)
	at com.cse.ds.Student.getEmail(Student.java:37)
	at com.cse.ds.Student.getEmail(Student.java:37)
	at com.cse.ds.Student.getEmail(Student.java:37)
	at com.cse.ds.Student.getEmail(Student.java:37)
	at com.cse.ds.Student.getEmail(Student.java:37)
	at com.cse.ds.Student.getEmail(Student.java:37)
	at com.cse.ds.Student.getEmail(Student.java:37)
	at com.cse.ds.Student.getEmail(Student.java:37)
	at com.cse.ds.Student.getEmail(Student.java:37)
	at com.cse.ds.Student.getEmail(Student.java:37)
	at com.cse.ds.Student.getEmail(Student.java:37)
	at com.cse.ds.Student.getEmail(Student.java:37)
	at com.cse.ds.Student.getEmail(Student.java:37)
	at com.cse.ds.Student.getEmail(Student.java:37)
	at com.cse.ds.Student.getEmail(Student.java:37)
	at com.cse.ds.Student.getEmail(Student.java:37)
	at com.cse.ds.Student.getEmail(Student.java:37)
	at com.cse.ds.Student.getEmail(Student.java:37)
	at com.cse.ds.Student.getEmail(Student.java:37)
	at com.cse.ds.Student.getEmail(Student.java:37)
	at com.cse.ds.Student.getEmail(Student.java:37)
	at com.cse.ds.Student.getEmail(Student.java:37)
	at com.cse.ds.Student.getEmail(Student.java:37)
	at com.cse.ds.Student.getEmail(Student.java:37)
	at com.cse.ds.Student.getEmail(Student.java:37)
	at com.cse.ds.Student.getEmail(Student.java:37)
	at com.cse.ds.Student.getEmail(Student.java:37)
	at com.cse.ds.Student.getEmail(Student.java:37)
	at com.cse.ds.Student.getEmail(Student.java:37)
	at com.cse.ds.Student.getEmail(Student.java:37)
	at com.cse.ds.Student.getEmail(Student.java:37)
	at com.cse.ds.Student.getEmail(Student.java:37)
	at com.cse.ds.Student.getEmail(Student.java:37)
	at com.cse.ds.Student.getEmail(Student.java:37)
	at com.cse.ds.Student.getEmail(Student.java:37)
	at com.cse.ds.Student.getEmail(Student.java:37)
	at com.cse.ds.Student.getEmail(Student.java:37)
	at com.cse.ds.Student.getEmail(Student.java:37)
	at com.cse.ds.Student.getEmail(Student.java:37)
	at com.cse.ds.Student.getEmail(Student.java:37)
	at com.cse.ds.Student.getEmail(Student.java:37)
	at com.cse.ds.Student.getEmail(Student.java:37)
	at com.cse.ds.Student.getEmail(Student.java:37)
	at com.cse.ds.Student.getEmail(Student.java:37)
	at com.cse.ds.Student.getEmail(Student.java:37)
	at com.cse.ds.Student.getEmail(Student.java:37)
	at com.cse.ds.Student.getEmail(Student.java:37)
	at com.cse.ds.Student.getEmail(Student.java:37)
	at com.cse.ds.Student.getEmail(Student.java:37)
	at com.cse.ds.Student.getEmail(Student.java:37)
	at com.cse.ds.Student.getEmail(Student.java:37)
	at com.cse.ds.Student.getEmail(Student.java:37)
	at com.cse.ds.Student.getEmail(Student.java:37)
	at com.cse.ds.Student.getEmail(Student.java:37)
	at com.cse.ds.Student.getEmail(Student.java:37)
	at com.cse.ds.Student.getEmail(Student.java:37)
	at com.cse.ds.Student.getEmail(Student.java:37)
	at com.cse.ds.Student.getEmail(Student.java:37)
	at com.cse.ds.Student.getEmail(Student.java:37)
	at com.cse.ds.Student.getEmail(Student.java:37)
	at com.cse.ds.Student.getEmail(Student.java:37)
	at com.cse.ds.Student.getEmail(Student.java:37)
	at com.cse.ds.Student.getEmail(Student.java:37)
	at com.cse.ds.Student.getEmail(Student.java:37)
	at com.cse.ds.Student.getEmail(Student.java:37)
	at com.cse.ds.Student.getEmail(Student.java:37)
	at com.cse.ds.Student.getEmail(Student.java:37)
	at com.cse.ds.Student.getEmail(Student.java:37)
	at com.cse.ds.Student.getEmail(Student.java:37)
	at com.cse.ds.Student.getEmail(Student.java:37)
	at com.cse.ds.Student.getEmail(Student.java:37)
	at com.cse.ds.Student.getEmail(Student.java:37)
	at com.cse.ds.Student.getEmail(Student.java:37)
	at com.cse.ds.Student.getEmail(Student.java:37)
	at com.cse.ds.Student.getEmail(Student.java:37)

testGetName(com.cse.ds.TestStudent)  Time elapsed: 0.01 sec  <<< ERROR!
java.lang.StackOverflowError
	at com.cse.ds.Student.getName(Student.java:32)
	at com.cse.ds.Student.getName(Student.java:32)
	at com.cse.ds.Student.getName(Student.java:32)
	at com.cse.ds.Student.getName(Student.java:32)
	at com.cse.ds.Student.getName(Student.java:32)
	at com.cse.ds.Student.getName(Student.java:32)
	at com.cse.ds.Student.getName(Student.java:32)
	at com.cse.ds.Student.getName(Student.java:32)
	at com.cse.ds.Student.getName(Student.java:32)
	at com.cse.ds.Student.getName(Student.java:32)
	at com.cse.ds.Student.getName(Student.java:32)
	at com.cse.ds.Student.getName(Student.java:32)
	at com.cse.ds.Student.getName(Student.java:32)
	at com.cse.ds.Student.getName(Student.java:32)
	at com.cse.ds.Student.getName(Student.java:32)
	at com.cse.ds.Student.getName(Student.java:32)
	at com.cse.ds.Student.getName(Student.java:32)
	at com.cse.ds.Student.getName(Student.java:32)
	at com.cse.ds.Student.getName(Student.java:32)
	at com.cse.ds.Student.getName(Student.java:32)
	at com.cse.ds.Student.getName(Student.java:32)
	at com.cse.ds.Student.getName(Student.java:32)
	at com.cse.ds.Student.getName(Student.java:32)
	at com.cse.ds.Student.getName(Student.java:32)
	at com.cse.ds.Student.getName(Student.java:32)
	at com.cse.ds.Student.getName(Student.java:32)
	at com.cse.ds.Student.getName(Student.java:32)
	at com.cse.ds.Student.getName(Student.java:32)
	at com.cse.ds.Student.getName(Student.java:32)
	at com.cse.ds.Student.getName(Student.java:32)
	at com.cse.ds.Student.getName(Student.java:32)
	at com.cse.ds.Student.getName(Student.java:32)
	at com.cse.ds.Student.getName(Student.java:32)
	at com.cse.ds.Student.getName(Student.java:32)
	at com.cse.ds.Student.getName(Student.java:32)
	at com.cse.ds.Student.getName(Student.java:32)
	at com.cse.ds.Student.getName(Student.java:32)
	at com.cse.ds.Student.getName(Student.java:32)
	at com.cse.ds.Student.getName(Student.java:32)
	at com.cse.ds.Student.getName(Student.java:32)
	at com.cse.ds.Student.getName(Student.java:32)
	at com.cse.ds.Student.getName(Student.java:32)
	at com.cse.ds.Student.getName(Student.java:32)
	at com.cse.ds.Student.getName(Student.java:32)
	at com.cse.ds.Student.getName(Student.java:32)
	at com.cse.ds.Student.getName(Student.java:32)
	at com.cse.ds.Student.getName(Student.java:32)
	at com.cse.ds.Student.getName(Student.java:32)
	at com.cse.ds.Student.getName(Student.java:32)
	at com.cse.ds.Student.getName(Student.java:32)
	at com.cse.ds.Student.getName(Student.java:32)
	at com.cse.ds.Student.getName(Student.java:32)
	at com.cse.ds.Student.getName(Student.java:32)
	at com.cse.ds.Student.getName(Student.java:32)
	at com.cse.ds.Student.getName(Student.java:32)
	at com.cse.ds.Student.getName(Student.java:32)
	at com.cse.ds.Student.getName(Student.java:32)
	at com.cse.ds.Student.getName(Student.java:32)
	at com.cse.ds.Student.getName(Student.java:32)
	at com.cse.ds.Student.getName(Student.java:32)
	at com.cse.ds.Student.getName(Student.java:32)
	at com.cse.ds.Student.getName(Student.java:32)
	at com.cse.ds.Student.getName(Student.java:32)
	at com.cse.ds.Student.getName(Student.java:32)
	at com.cse.ds.Student.getName(Student.java:32)
	at com.cse.ds.Student.getName(Student.java:32)
	at com.cse.ds.Student.getName(Student.java:32)
	at com.cse.ds.Student.getName(Student.java:32)
	at com.cse.ds.Student.getName(Student.java:32)
	at com.cse.ds.Student.getName(Student.java:32)
	at com.cse.ds.Student.getName(Student.java:32)
	at com.cse.ds.Student.getName(Student.java:32)
	at com.cse.ds.Student.getName(Student.java:32)
	at com.cse.ds.Student.getName(Student.java:32)
	at com.cse.ds.Student.getName(Student.java:32)
	at com.cse.ds.Student.getName(Student.java:32)
	at com.cse.ds.Student.getName(Student.java:32)
	at com.cse.ds.Student.getName(Student.java:32)
	at com.cse.ds.Student.getName(Student.java:32)
	at com.cse.ds.Student.getName(Student.java:32)
	at com.cse.ds.Student.getName(Student.java:32)
	at com.cse.ds.Student.getName(Student.java:32)
	at com.cse.ds.Student.getName(Student.java:32)
	at com.cse.ds.Student.getName(Student.java:32)
	at com.cse.ds.Student.getName(Student.java:32)
	at com.cse.ds.Student.getName(Student.java:32)
	at com.cse.ds.Student.getName(Student.java:32)
	at com.cse.ds.Student.getName(Student.java:32)
	at com.cse.ds.Student.getName(Student.java:32)
	at com.cse.ds.Student.getName(Student.java:32)
	at com.cse.ds.Student.getName(Student.java:32)
	at com.cse.ds.Student.getName(Student.java:32)
	at com.cse.ds.Student.getName(Student.java:32)
	at com.cse.ds.Student.getName(Student.java:32)
	at com.cse.ds.Student.getName(Student.java:32)
	at com.cse.ds.Student.getName(Student.java:32)
	at com.cse.ds.Student.getName(Student.java:32)
	at com.cse.ds.Student.getName(Student.java:32)
	at com.cse.ds.Student.getName(Student.java:32)
	at com.cse.ds.Student.getName(Student.java:32)
	at com.cse.ds.Student.getName(Student.java:32)
	at com.cse.ds.Student.getName(Student.java:32)
	at com.cse.ds.Student.getName(Student.java:32)
	at com.cse.ds.Student.getName(Student.java:32)
	at com.cse.ds.Student.getName(Student.java:32)
	at com.cse.ds.Student.getName(Student.java:32)
	at com.cse.ds.Student.getName(Student.java:32)
	at com.cse.ds.Student.getName(Student.java:32)
	at com.cse.ds.Student.getName(Student.java:32)
	at com.cse.ds.Student.getName(Student.java:32)
	at com.cse.ds.Student.getName(Student.java:32)
	at com.cse.ds.Student.getName(Student.java:32)
	at com.cse.ds.Student.getName(Student.java:32)
	at com.cse.ds.Student.getName(Student.java:32)
	at com.cse.ds.Student.getName(Student.java:32)
	at com.cse.ds.Student.getName(Student.java:32)
	at com.cse.ds.Student.getName(Student.java:32)
	at com.cse.ds.Student.getName(Student.java:32)
	at com.cse.ds.Student.getName(Student.java:32)
	at com.cse.ds.Student.getName(Student.java:32)
	at com.cse.ds.Student.getName(Student.java:32)
	at com.cse.ds.Student.getName(Student.java:32)
	at com.cse.ds.Student.getName(Student.java:32)
	at com.cse.ds.Student.getName(Student.java:32)
	at com.cse.ds.Student.getName(Student.java:32)
	at com.cse.ds.Student.getName(Student.java:32)
	at com.cse.ds.Student.getName(Student.java:32)
	at com.cse.ds.Student.getName(Student.java:32)
	at com.cse.ds.Student.getName(Student.java:32)
	at com.cse.ds.Student.getName(Student.java:32)
	at com.cse.ds.Student.getName(Student.java:32)
	at com.cse.ds.Student.getName(Student.java:32)
	at com.cse.ds.Student.getName(Student.java:32)
	at com.cse.ds.Student.getName(Student.java:32)
	at com.cse.ds.Student.getName(Student.java:32)
	at com.cse.ds.Student.getName(Student.java:32)
	at com.cse.ds.Student.getName(Student.java:32)
	at com.cse.ds.Student.getName(Student.java:32)
	at com.cse.ds.Student.getName(Student.java:32)
	at com.cse.ds.Student.getName(Student.java:32)
	at com.cse.ds.Student.getName(Student.java:32)
	at com.cse.ds.Student.getName(Student.java:32)
	at com.cse.ds.Student.getName(Student.java:32)
	at com.cse.ds.Student.getName(Student.java:32)
	at com.cse.ds.Student.getName(Student.java:32)
	at com.cse.ds.Student.getName(Student.java:32)
	at com.cse.ds.Student.getName(Student.java:32)
	at com.cse.ds.Student.getName(Student.java:32)
	at com.cse.ds.Student.getName(Student.java:32)
	at com.cse.ds.Student.getName(Student.java:32)
	at com.cse.ds.Student.getName(Student.java:32)
	at com.cse.ds.Student.getName(Student.java:32)
	at com.cse.ds.Student.getName(Student.java:32)
	at com.cse.ds.Student.getName(Student.java:32)
	at com.cse.ds.Student.getName(Student.java:32)
	at com.cse.ds.Student.getName(Student.java:32)
	at com.cse.ds.Student.getName(Student.java:32)
	at com.cse.ds.Student.getName(Student.java:32)
	at com.cse.ds.Student.getName(Student.java:32)
	at com.cse.ds.Student.getName(Student.java:32)
	at com.cse.ds.Student.getName(Student.java:32)
	at com.cse.ds.Student.getName(Student.java:32)
	at com.cse.ds.Student.getName(Student.java:32)
	at com.cse.ds.Student.getName(Student.java:32)
	at com.cse.ds.Student.getName(Student.java:32)
	at com.cse.ds.Student.getName(Student.java:32)
	at com.cse.ds.Student.getName(Student.java:32)
	at com.cse.ds.Student.getName(Student.java:32)
	at com.cse.ds.Student.getName(Student.java:32)
	at com.cse.ds.Student.getName(Student.java:32)
	at com.cse.ds.Student.getName(Student.java:32)
	at com.cse.ds.Student.getName(Student.java:32)
	at com.cse.ds.Student.getName(Student.java:32)
	at com.cse.ds.Student.getName(Student.java:32)
	at com.cse.ds.Student.getName(Student.java:32)
	at com.cse.ds.Student.getName(Student.java:32)
	at com.cse.ds.Student.getName(Student.java:32)
	at com.cse.ds.Student.getName(Student.java:32)
	at com.cse.ds.Student.getName(Student.java:32)
	at com.cse.ds.Student.getName(Student.java:32)
	at com.cse.ds.Student.getName(Student.java:32)
	at com.cse.ds.Student.getName(Student.java:32)
	at com.cse.ds.Student.getName(Student.java:32)
	at com.cse.ds.Student.getName(Student.java:32)
	at com.cse.ds.Student.getName(Student.java:32)
	at com.cse.ds.Student.getName(Student.java:32)
	at com.cse.ds.Student.getName(Student.java:32)
	at com.cse.ds.Student.getName(Student.java:32)
	at com.cse.ds.Student.getName(Student.java:32)
	at com.cse.ds.Student.getName(Student.java:32)
	at com.cse.ds.Student.getName(Student.java:32)
	at com.cse.ds.Student.getName(Student.java:32)
	at com.cse.ds.Student.getName(Student.java:32)
	at com.cse.ds.Student.getName(Student.java:32)
	at com.cse.ds.Student.getName(Student.java:32)
	at com.cse.ds.Student.getName(Student.java:32)
	at com.cse.ds.Student.getName(Student.java:32)
	at com.cse.ds.Student.getName(Student.java:32)
	at com.cse.ds.Student.getName(Student.java:32)
	at com.cse.ds.Student.getName(Student.java:32)
	at com.cse.ds.Student.getName(Student.java:32)
	at com.cse.ds.Student.getName(Student.java:32)
	at com.cse.ds.Student.getName(Student.java:32)
	at com.cse.ds.Student.getName(Student.java:32)
	at com.cse.ds.Student.getName(Student.java:32)
	at com.cse.ds.Student.getName(Student.java:32)
	at com.cse.ds.Student.getName(Student.java:32)
	at com.cse.ds.Student.getName(Student.java:32)
	at com.cse.ds.Student.getName(Student.java:32)
	at com.cse.ds.Student.getName(Student.java:32)
	at com.cse.ds.Student.getName(Student.java:32)
	at com.cse.ds.Student.getName(Student.java:32)
	at com.cse.ds.Student.getName(Student.java:32)
	at com.cse.ds.Student.getName(Student.java:32)
	at com.cse.ds.Student.getName(Student.java:32)
	at com.cse.ds.Student.getName(Student.java:32)
	at com.cse.ds.Student.getName(Student.java:32)
	at com.cse.ds.Student.getName(Student.java:32)
	at com.cse.ds.Student.getName(Student.java:32)
	at com.cse.ds.Student.getName(Student.java:32)
	at com.cse.ds.Student.getName(Student.java:32)
	at com.cse.ds.Student.getName(Student.java:32)
	at com.cse.ds.Student.getName(Student.java:32)
	at com.cse.ds.Student.getName(Student.java:32)
	at com.cse.ds.Student.getName(Student.java:32)
	at com.cse.ds.Student.getName(Student.java:32)
	at com.cse.ds.Student.getName(Student.java:32)
	at com.cse.ds.Student.getName(Student.java:32)
	at com.cse.ds.Student.getName(Student.java:32)
	at com.cse.ds.Student.getName(Student.java:32)
	at com.cse.ds.Student.getName(Student.java:32)
	at com.cse.ds.Student.getName(Student.java:32)
	at com.cse.ds.Student.getName(Student.java:32)
	at com.cse.ds.Student.getName(Student.java:32)
	at com.cse.ds.Student.getName(Student.java:32)
	at com.cse.ds.Student.getName(Student.java:32)
	at com.cse.ds.Student.getName(Student.java:32)
	at com.cse.ds.Student.getName(Student.java:32)
	at com.cse.ds.Student.getName(Student.java:32)
	at com.cse.ds.Student.getName(Student.java:32)
	at com.cse.ds.Student.getName(Student.java:32)
	at com.cse.ds.Student.getName(Student.java:32)
	at com.cse.ds.Student.getName(Student.java:32)
	at com.cse.ds.Student.getName(Student.java:32)
	at com.cse.ds.Student.getName(Student.java:32)
	at com.cse.ds.Student.getName(Student.java:32)
	at com.cse.ds.Student.getName(Student.java:32)
	at com.cse.ds.Student.getName(Student.java:32)
	at com.cse.ds.Student.getName(Student.java:32)
	at com.cse.ds.Student.getName(Student.java:32)
	at com.cse.ds.Student.getName(Student.java:32)
	at com.cse.ds.Student.getName(Student.java:32)
	at com.cse.ds.Student.getName(Student.java:32)
	at com.cse.ds.Student.getName(Student.java:32)
	at com.cse.ds.Student.getName(Student.java:32)
	at com.cse.ds.Student.getName(Student.java:32)
	at com.cse.ds.Student.getName(Student.java:32)
	at com.cse.ds.Student.getName(Student.java:32)
	at com.cse.ds.Student.getName(Student.java:32)
	at com.cse.ds.Student.getName(Student.java:32)
	at com.cse.ds.Student.getName(Student.java:32)
	at com.cse.ds.Student.getName(Student.java:32)
	at com.cse.ds.Student.getName(Student.java:32)
	at com.cse.ds.Student.getName(Student.java:32)
	at com.cse.ds.Student.getName(Student.java:32)
	at com.cse.ds.Student.getName(Student.java:32)
	at com.cse.ds.Student.getName(Student.java:32)
	at com.cse.ds.Student.getName(Student.java:32)
	at com.cse.ds.Student.getName(Student.java:32)
	at com.cse.ds.Student.getName(Student.java:32)
	at com.cse.ds.Student.getName(Student.java:32)
	at com.cse.ds.Student.getName(Student.java:32)
	at com.cse.ds.Student.getName(Student.java:32)
	at com.cse.ds.Student.getName(Student.java:32)
	at com.cse.ds.Student.getName(Student.java:32)
	at com.cse.ds.Student.getName(Student.java:32)
	at com.cse.ds.Student.getName(Student.java:32)
	at com.cse.ds.Student.getName(Student.java:32)
	at com.cse.ds.Student.getName(Student.java:32)
	at com.cse.ds.Student.getName(Student.java:32)
	at com.cse.ds.Student.getName(Student.java:32)
	at com.cse.ds.Student.getName(Student.java:32)
	at com.cse.ds.Student.getName(Student.java:32)
	at com.cse.ds.Student.getName(Student.java:32)
	at com.cse.ds.Student.getName(Student.java:32)
	at com.cse.ds.Student.getName(Student.java:32)
	at com.cse.ds.Student.getName(Student.java:32)
	at com.cse.ds.Student.getName(Student.java:32)
	at com.cse.ds.Student.getName(Student.java:32)
	at com.cse.ds.Student.getName(Student.java:32)
	at com.cse.ds.Student.getName(Student.java:32)
	at com.cse.ds.Student.getName(Student.java:32)
	at com.cse.ds.Student.getName(Student.java:32)
	at com.cse.ds.Student.getName(Student.java:32)
	at com.cse.ds.Student.getName(Student.java:32)
	at com.cse.ds.Student.getName(Student.java:32)
	at com.cse.ds.Student.getName(Student.java:32)
	at com.cse.ds.Student.getName(Student.java:32)
	at com.cse.ds.Student.getName(Student.java:32)
	at com.cse.ds.Student.getName(Student.java:32)
	at com.cse.ds.Student.getName(Student.java:32)
	at com.cse.ds.Student.getName(Student.java:32)
	at com.cse.ds.Student.getName(Student.java:32)
	at com.cse.ds.Student.getName(Student.java:32)
	at com.cse.ds.Student.getName(Student.java:32)
	at com.cse.ds.Student.getName(Student.java:32)
	at com.cse.ds.Student.getName(Student.java:32)
	at com.cse.ds.Student.getName(Student.java:32)
	at com.cse.ds.Student.getName(Student.java:32)
	at com.cse.ds.Student.getName(Student.java:32)
	at com.cse.ds.Student.getName(Student.java:32)
	at com.cse.ds.Student.getName(Student.java:32)
	at com.cse.ds.Student.getName(Student.java:32)
	at com.cse.ds.Student.getName(Student.java:32)
	at com.cse.ds.Student.getName(Student.java:32)
	at com.cse.ds.Student.getName(Student.java:32)
	at com.cse.ds.Student.getName(Student.java:32)
	at com.cse.ds.Student.getName(Student.java:32)
	at com.cse.ds.Student.getName(Student.java:32)
	at com.cse.ds.Student.getName(Student.java:32)
	at com.cse.ds.Student.getName(Student.java:32)
	at com.cse.ds.Student.getName(Student.java:32)
	at com.cse.ds.Student.getName(Student.java:32)
	at com.cse.ds.Student.getName(Student.java:32)
	at com.cse.ds.Student.getName(Student.java:32)
	at com.cse.ds.Student.getName(Student.java:32)
	at com.cse.ds.Student.getName(Student.java:32)
	at com.cse.ds.Student.getName(Student.java:32)
	at com.cse.ds.Student.getName(Student.java:32)
	at com.cse.ds.Student.getName(Student.java:32)
	at com.cse.ds.Student.getName(Student.java:32)
	at com.cse.ds.Student.getName(Student.java:32)
	at com.cse.ds.Student.getName(Student.java:32)
	at com.cse.ds.Student.getName(Student.java:32)
	at com.cse.ds.Student.getName(Student.java:32)
	at com.cse.ds.Student.getName(Student.java:32)
	at com.cse.ds.Student.getName(Student.java:32)
	at com.cse.ds.Student.getName(Student.java:32)
	at com.cse.ds.Student.getName(Student.java:32)
	at com.cse.ds.Student.getName(Student.java:32)
	at com.cse.ds.Student.getName(Student.java:32)
	at com.cse.ds.Student.getName(Student.java:32)
	at com.cse.ds.Student.getName(Student.java:32)
	at com.cse.ds.Student.getName(Student.java:32)
	at com.cse.ds.Student.getName(Student.java:32)
	at com.cse.ds.Student.getName(Student.java:32)
	at com.cse.ds.Student.getName(Student.java:32)
	at com.cse.ds.Student.getName(Student.java:32)
	at com.cse.ds.Student.getName(Student.java:32)
	at com.cse.ds.Student.getName(Student.java:32)
	at com.cse.ds.Student.getName(Student.java:32)
	at com.cse.ds.Student.getName(Student.java:32)
	at com.cse.ds.Student.getName(Student.java:32)
	at com.cse.ds.Student.getName(Student.java:32)
	at com.cse.ds.Student.getName(Student.java:32)
	at com.cse.ds.Student.getName(Student.java:32)
	at com.cse.ds.Student.getName(Student.java:32)
	at com.cse.ds.Student.getName(Student.java:32)
	at com.cse.ds.Student.getName(Student.java:32)
	at com.cse.ds.Student.getName(Student.java:32)
	at com.cse.ds.Student.getName(Student.java:32)
	at com.cse.ds.Student.getName(Student.java:32)
	at com.cse.ds.Student.getName(Student.java:32)
	at com.cse.ds.Student.getName(Student.java:32)
	at com.cse.ds.Student.getName(Student.java:32)
	at com.cse.ds.Student.getName(Student.java:32)
	at com.cse.ds.Student.getName(Student.java:32)
	at com.cse.ds.Student.getName(Student.java:32)
	at com.cse.ds.Student.getName(Student.java:32)
	at com.cse.ds.Student.getName(Student.java:32)
	at com.cse.ds.Student.getName(Student.java:32)
	at com.cse.ds.Student.getName(Student.java:32)
	at com.cse.ds.Student.getName(Student.java:32)
	at com.cse.ds.Student.getName(Student.java:32)
	at com.cse.ds.Student.getName(Student.java:32)
	at com.cse.ds.Student.getName(Student.java:32)
	at com.cse.ds.Student.getName(Student.java:32)
	at com.cse.ds.Student.getName(Student.java:32)
	at com.cse.ds.Student.getName(Student.java:32)
	at com.cse.ds.Student.getName(Student.java:32)
	at com.cse.ds.Student.getName(Student.java:32)
	at com.cse.ds.Student.getName(Student.java:32)
	at com.cse.ds.Student.getName(Student.java:32)
	at com.cse.ds.Student.getName(Student.java:32)
	at com.cse.ds.Student.getName(Student.java:32)
	at com.cse.ds.Student.getName(Student.java:32)
	at com.cse.ds.Student.getName(Student.java:32)
	at com.cse.ds.Student.getName(Student.java:32)
	at com.cse.ds.Student.getName(Student.java:32)
	at com.cse.ds.Student.getName(Student.java:32)
	at com.cse.ds.Student.getName(Student.java:32)
	at com.cse.ds.Student.getName(Student.java:32)
	at com.cse.ds.Student.getName(Student.java:32)
	at com.cse.ds.Student.getName(Student.java:32)
	at com.cse.ds.Student.getName(Student.java:32)
	at com.cse.ds.Student.getName(Student.java:32)
	at com.cse.ds.Student.getName(Student.java:32)
	at com.cse.ds.Student.getName(Student.java:32)
	at com.cse.ds.Student.getName(Student.java:32)
	at com.cse.ds.Student.getName(Student.java:32)
	at com.cse.ds.Student.getName(Student.java:32)
	at com.cse.ds.Student.getName(Student.java:32)
	at com.cse.ds.Student.getName(Student.java:32)
	at com.cse.ds.Student.getName(Student.java:32)
	at com.cse.ds.Student.getName(Student.java:32)
	at com.cse.ds.Student.getName(Student.java:32)
	at com.cse.ds.Student.getName(Student.java:32)
	at com.cse.ds.Student.getName(Student.java:32)
	at com.cse.ds.Student.getName(Student.java:32)
	at com.cse.ds.Student.getName(Student.java:32)
	at com.cse.ds.Student.getName(Student.java:32)
	at com.cse.ds.Student.getName(Student.java:32)
	at com.cse.ds.Student.getName(Student.java:32)
	at com.cse.ds.Student.getName(Student.java:32)
	at com.cse.ds.Student.getName(Student.java:32)
	at com.cse.ds.Student.getName(Student.java:32)
	at com.cse.ds.Student.getName(Student.java:32)
	at com.cse.ds.Student.getName(Student.java:32)
	at com.cse.ds.Student.getName(Student.java:32)
	at com.cse.ds.Student.getName(Student.java:32)
	at com.cse.ds.Student.getName(Student.java:32)
	at com.cse.ds.Student.getName(Student.java:32)
	at com.cse.ds.Student.getName(Student.java:32)
	at com.cse.ds.Student.getName(Student.java:32)
	at com.cse.ds.Student.getName(Student.java:32)
	at com.cse.ds.Student.getName(Student.java:32)
	at com.cse.ds.Student.getName(Student.java:32)
	at com.cse.ds.Student.getName(Student.java:32)
	at com.cse.ds.Student.getName(Student.java:32)
	at com.cse.ds.Student.getName(Student.java:32)
	at com.cse.ds.Student.getName(Student.java:32)
	at com.cse.ds.Student.getName(Student.java:32)
	at com.cse.ds.Student.getName(Student.java:32)
	at com.cse.ds.Student.getName(Student.java:32)
	at com.cse.ds.Student.getName(Student.java:32)
	at com.cse.ds.Student.getName(Student.java:32)
	at com.cse.ds.Student.getName(Student.java:32)
	at com.cse.ds.Student.getName(Student.java:32)
	at com.cse.ds.Student.getName(Student.java:32)
	at com.cse.ds.Student.getName(Student.java:32)
	at com.cse.ds.Student.getName(Student.java:32)
	at com.cse.ds.Student.getName(Student.java:32)
	at com.cse.ds.Student.getName(Student.java:32)
	at com.cse.ds.Student.getName(Student.java:32)
	at com.cse.ds.Student.getName(Student.java:32)
	at com.cse.ds.Student.getName(Student.java:32)
	at com.cse.ds.Student.getName(Student.java:32)
	at com.cse.ds.Student.getName(Student.java:32)
	at com.cse.ds.Student.getName(Student.java:32)
	at com.cse.ds.Student.getName(Student.java:32)
	at com.cse.ds.Student.getName(Student.java:32)
	at com.cse.ds.Student.getName(Student.java:32)
	at com.cse.ds.Student.getName(Student.java:32)
	at com.cse.ds.Student.getName(Student.java:32)
	at com.cse.ds.Student.getName(Student.java:32)
	at com.cse.ds.Student.getName(Student.java:32)
	at com.cse.ds.Student.getName(Student.java:32)
	at com.cse.ds.Student.getName(Student.java:32)
	at com.cse.ds.Student.getName(Student.java:32)
	at com.cse.ds.Student.getName(Student.java:32)
	at com.cse.ds.Student.getName(Student.java:32)
	at com.cse.ds.Student.getName(Student.java:32)
	at com.cse.ds.Student.getName(Student.java:32)
	at com.cse.ds.Student.getName(Student.java:32)
	at com.cse.ds.Student.getName(Student.java:32)
	at com.cse.ds.Student.getName(Student.java:32)
	at com.cse.ds.Student.getName(Student.java:32)
	at com.cse.ds.Student.getName(Student.java:32)
	at com.cse.ds.Student.getName(Student.java:32)
	at com.cse.ds.Student.getName(Student.java:32)
	at com.cse.ds.Student.getName(Student.java:32)
	at com.cse.ds.Student.getName(Student.java:32)
	at com.cse.ds.Student.getName(Student.java:32)
	at com.cse.ds.Student.getName(Student.java:32)
	at com.cse.ds.Student.getName(Student.java:32)
	at com.cse.ds.Student.getName(Student.java:32)
	at com.cse.ds.Student.getName(Student.java:32)
	at com.cse.ds.Student.getName(Student.java:32)
	at com.cse.ds.Student.getName(Student.java:32)
	at com.cse.ds.Student.getName(Student.java:32)
	at com.cse.ds.Student.getName(Student.java:32)
	at com.cse.ds.Student.getName(Student.java:32)
	at com.cse.ds.Student.getName(Student.java:32)
	at com.cse.ds.Student.getName(Student.java:32)
	at com.cse.ds.Student.getName(Student.java:32)
	at com.cse.ds.Student.getName(Student.java:32)
	at com.cse.ds.Student.getName(Student.java:32)
	at com.cse.ds.Student.getName(Student.java:32)
	at com.cse.ds.Student.getName(Student.java:32)
	at com.cse.ds.Student.getName(Student.java:32)
	at com.cse.ds.Student.getName(Student.java:32)
	at com.cse.ds.Student.getName(Student.java:32)
	at com.cse.ds.Student.getName(Student.java:32)
	at com.cse.ds.Student.getName(Student.java:32)
	at com.cse.ds.Student.getName(Student.java:32)
	at com.cse.ds.Student.getName(Student.java:32)
	at com.cse.ds.Student.getName(Student.java:32)
	at com.cse.ds.Student.getName(Student.java:32)
	at com.cse.ds.Student.getName(Student.java:32)
	at com.cse.ds.Student.getName(Student.java:32)
	at com.cse.ds.Student.getName(Student.java:32)
	at com.cse.ds.Student.getName(Student.java:32)
	at com.cse.ds.Student.getName(Student.java:32)
	at com.cse.ds.Student.getName(Student.java:32)
	at com.cse.ds.Student.getName(Student.java:32)
	at com.cse.ds.Student.getName(Student.java:32)
	at com.cse.ds.Student.getName(Student.java:32)
	at com.cse.ds.Student.getName(Student.java:32)
	at com.cse.ds.Student.getName(Student.java:32)
	at com.cse.ds.Student.getName(Student.java:32)
	at com.cse.ds.Student.getName(Student.java:32)
	at com.cse.ds.Student.getName(Student.java:32)
	at com.cse.ds.Student.getName(Student.java:32)
	at com.cse.ds.Student.getName(Student.java:32)
	at com.cse.ds.Student.getName(Student.java:32)
	at com.cse.ds.Student.getName(Student.java:32)
	at com.cse.ds.Student.getName(Student.java:32)
	at com.cse.ds.Student.getName(Student.java:32)
	at com.cse.ds.Student.getName(Student.java:32)
	at com.cse.ds.Student.getName(Student.java:32)
	at com.cse.ds.Student.getName(Student.java:32)
	at com.cse.ds.Student.getName(Student.java:32)
	at com.cse.ds.Student.getName(Student.java:32)
	at com.cse.ds.Student.getName(Student.java:32)
	at com.cse.ds.Student.getName(Student.java:32)
	at com.cse.ds.Student.getName(Student.java:32)
	at com.cse.ds.Student.getName(Student.java:32)
	at com.cse.ds.Student.getName(Student.java:32)
	at com.cse.ds.Student.getName(Student.java:32)
	at com.cse.ds.Student.getName(Student.java:32)
	at com.cse.ds.Student.getName(Student.java:32)
	at com.cse.ds.Student.getName(Student.java:32)
	at com.cse.ds.Student.getName(Student.java:32)
	at com.cse.ds.Student.getName(Student.java:32)
	at com.cse.ds.Student.getName(Student.java:32)
	at com.cse.ds.Student.getName(Student.java:32)
	at com.cse.ds.Student.getName(Student.java:32)
	at com.cse.ds.Student.getName(Student.java:32)
	at com.cse.ds.Student.getName(Student.java:32)
	at com.cse.ds.Student.getName(Student.java:32)
	at com.cse.ds.Student.getName(Student.java:32)
	at com.cse.ds.Student.getName(Student.java:32)
	at com.cse.ds.Student.getName(Student.java:32)
	at com.cse.ds.Student.getName(Student.java:32)
	at com.cse.ds.Student.getName(Student.java:32)
	at com.cse.ds.Student.getName(Student.java:32)
	at com.cse.ds.Student.getName(Student.java:32)
	at com.cse.ds.Student.getName(Student.java:32)
	at com.cse.ds.Student.getName(Student.java:32)
	at com.cse.ds.Student.getName(Student.java:32)
	at com.cse.ds.Student.getName(Student.java:32)
	at com.cse.ds.Student.getName(Student.java:32)
	at com.cse.ds.Student.getName(Student.java:32)
	at com.cse.ds.Student.getName(Student.java:32)
	at com.cse.ds.Student.getName(Student.java:32)
	at com.cse.ds.Student.getName(Student.java:32)
	at com.cse.ds.Student.getName(Student.java:32)
	at com.cse.ds.Student.getName(Student.java:32)
	at com.cse.ds.Student.getName(Student.java:32)
	at com.cse.ds.Student.getName(Student.java:32)
	at com.cse.ds.Student.getName(Student.java:32)
	at com.cse.ds.Student.getName(Student.java:32)
	at com.cse.ds.Student.getName(Student.java:32)
	at com.cse.ds.Student.getName(Student.java:32)
	at com.cse.ds.Student.getName(Student.java:32)
	at com.cse.ds.Student.getName(Student.java:32)
	at com.cse.ds.Student.getName(Student.java:32)
	at com.cse.ds.Student.getName(Student.java:32)
	at com.cse.ds.Student.getName(Student.java:32)
	at com.cse.ds.Student.getName(Student.java:32)
	at com.cse.ds.Student.getName(Student.java:32)
	at com.cse.ds.Student.getName(Student.java:32)
	at com.cse.ds.Student.getName(Student.java:32)
	at com.cse.ds.Student.getName(Student.java:32)
	at com.cse.ds.Student.getName(Student.java:32)
	at com.cse.ds.Student.getName(Student.java:32)
	at com.cse.ds.Student.getName(Student.java:32)
	at com.cse.ds.Student.getName(Student.java:32)
	at com.cse.ds.Student.getName(Student.java:32)
	at com.cse.ds.Student.getName(Student.java:32)
	at com.cse.ds.Student.getName(Student.java:32)
	at com.cse.ds.Student.getName(Student.java:32)
	at com.cse.ds.Student.getName(Student.java:32)
	at com.cse.ds.Student.getName(Student.java:32)
	at com.cse.ds.Student.getName(Student.java:32)
	at com.cse.ds.Student.getName(Student.java:32)
	at com.cse.ds.Student.getName(Student.java:32)
	at com.cse.ds.Student.getName(Student.java:32)
	at com.cse.ds.Student.getName(Student.java:32)
	at com.cse.ds.Student.getName(Student.java:32)
	at com.cse.ds.Student.getName(Student.java:32)
	at com.cse.ds.Student.getName(Student.java:32)
	at com.cse.ds.Student.getName(Student.java:32)
	at com.cse.ds.Student.getName(Student.java:32)
	at com.cse.ds.Student.getName(Student.java:32)
	at com.cse.ds.Student.getName(Student.java:32)
	at com.cse.ds.Student.getName(Student.java:32)
	at com.cse.ds.Student.getName(Student.java:32)
	at com.cse.ds.Student.getName(Student.java:32)
	at com.cse.ds.Student.getName(Student.java:32)
	at com.cse.ds.Student.getName(Student.java:32)
	at com.cse.ds.Student.getName(Student.java:32)
	at com.cse.ds.Student.getName(Student.java:32)
	at com.cse.ds.Student.getName(Student.java:32)
	at com.cse.ds.Student.getName(Student.java:32)
	at com.cse.ds.Student.getName(Student.java:32)
	at com.cse.ds.Student.getName(Student.java:32)
	at com.cse.ds.Student.getName(Student.java:32)
	at com.cse.ds.Student.getName(Student.java:32)
	at com.cse.ds.Student.getName(Student.java:32)
	at com.cse.ds.Student.getName(Student.java:32)
[...]
	at com.cse.ds.Student.getPID(Student.java:27)
	at com.cse.ds.Student.getPID(Student.java:27)
	at com.cse.ds.Student.getPID(Student.java:27)
	at com.cse.ds.Student.getPID(Student.java:27)
	at com.cse.ds.Student.getPID(Student.java:27)
	at com.cse.ds.Student.getPID(Student.java:27)
	at com.cse.ds.Student.getPID(Student.java:27)
	at com.cse.ds.Student.getPID(Student.java:27)
	at com.cse.ds.Student.getPID(Student.java:27)
	at com.cse.ds.Student.getPID(Student.java:27)
	at com.cse.ds.Student.getPID(Student.java:27)
	at com.cse.ds.Student.getPID(Student.java:27)
	at com.cse.ds.Student.getPID(Student.java:27)
	at com.cse.ds.Student.getPID(Student.java:27)
	at com.cse.ds.Student.getPID(Student.java:27)
	at com.cse.ds.Student.getPID(Student.java:27)
	at com.cse.ds.Student.getPID(Student.java:27)
	at com.cse.ds.Student.getPID(Student.java:27)
	at com.cse.ds.Student.getPID(Student.java:27)
	at com.cse.ds.Student.getPID(Student.java:27)
	at com.cse.ds.Student.getPID(Student.java:27)
	at com.cse.ds.Student.getPID(Student.java:27)
	at com.cse.ds.Student.getPID(Student.java:27)
	at com.cse.ds.Student.getPID(Student.java:27)
	at com.cse.ds.Student.getPID(Student.java:27)
	at com.cse.ds.Student.getPID(Student.java:27)
	at com.cse.ds.Student.getPID(Student.java:27)
	at com.cse.ds.Student.getPID(Student.java:27)
	at com.cse.ds.Student.getPID(Student.java:27)
	at com.cse.ds.Student.getPID(Student.java:27)
	at com.cse.ds.Student.getPID(Student.java:27)
	at com.cse.ds.Student.getPID(Student.java:27)
	at com.cse.ds.Student.getPID(Student.java:27)
	at com.cse.ds.Student.getPID(Student.java:27)
	at com.cse.ds.Student.getPID(Student.java:27)
	at com.cse.ds.Student.getPID(Student.java:27)
	at com.cse.ds.Student.getPID(Student.java:27)
	at com.cse.ds.Student.getPID(Student.java:27)
	at com.cse.ds.Student.getPID(Student.java:27)
	at com.cse.ds.Student.getPID(Student.java:27)
	at com.cse.ds.Student.getPID(Student.java:27)
	at com.cse.ds.Student.getPID(Student.java:27)
	at com.cse.ds.Student.getPID(Student.java:27)
	at com.cse.ds.Student.getPID(Student.java:27)
	at com.cse.ds.Student.getPID(Student.java:27)
	at com.cse.ds.Student.getPID(Student.java:27)
	at com.cse.ds.Student.getPID(Student.java:27)
	at com.cse.ds.Student.getPID(Student.java:27)
	at com.cse.ds.Student.getPID(Student.java:27)
	at com.cse.ds.Student.getPID(Student.java:27)
	at com.cse.ds.Student.getPID(Student.java:27)
	at com.cse.ds.Student.getPID(Student.java:27)
	at com.cse.ds.Student.getPID(Student.java:27)
	at com.cse.ds.Student.getPID(Student.java:27)
	at com.cse.ds.Student.getPID(Student.java:27)
	at com.cse.ds.Student.getPID(Student.java:27)
	at com.cse.ds.Student.getPID(Student.java:27)
	at com.cse.ds.Student.getPID(Student.java:27)
	at com.cse.ds.Student.getPID(Student.java:27)
	at com.cse.ds.Student.getPID(Student.java:27)
	at com.cse.ds.Student.getPID(Student.java:27)
	at com.cse.ds.Student.getPID(Student.java:27)
	at com.cse.ds.Student.getPID(Student.java:27)
	at com.cse.ds.Student.getPID(Student.java:27)
	at com.cse.ds.Student.getPID(Student.java:27)
	at com.cse.ds.Student.getPID(Student.java:27)
	at com.cse.ds.Student.getPID(Student.java:27)
	at com.cse.ds.Student.getPID(Student.java:27)
	at com.cse.ds.Student.getPID(Student.java:27)
	at com.cse.ds.Student.getPID(Student.java:27)
	at com.cse.ds.Student.getPID(Student.java:27)
	at com.cse.ds.Student.getPID(Student.java:27)
	at com.cse.ds.Student.getPID(Student.java:27)
	at com.cse.ds.Student.getPID(Student.java:27)
	at com.cse.ds.Student.getPID(Student.java:27)
	at com.cse.ds.Student.getPID(Student.java:27)
	at com.cse.ds.Student.getPID(Student.java:27)
	at com.cse.ds.Student.getPID(Student.java:27)
	at com.cse.ds.Student.getPID(Student.java:27)
	at com.cse.ds.Student.getPID(Student.java:27)
	at com.cse.ds.Student.getPID(Student.java:27)
	at com.cse.ds.Student.getPID(Student.java:27)
	at com.cse.ds.Student.getPID(Student.java:27)
	at com.cse.ds.Student.getPID(Student.java:27)
	at com.cse.ds.Student.getPID(Student.java:27)
	at com.cse.ds.Student.getPID(Student.java:27)
	at com.cse.ds.Student.getPID(Student.java:27)
	at com.cse.ds.Student.getPID(Student.java:27)
	at com.cse.ds.Student.getPID(Student.java:27)
	at com.cse.ds.Student.getPID(Student.java:27)
	at com.cse.ds.Student.getPID(Student.java:27)
	at com.cse.ds.Student.getPID(Student.java:27)
	at com.cse.ds.Student.getPID(Student.java:27)
	at com.cse.ds.Student.getPID(Student.java:27)
	at com.cse.ds.Student.getPID(Student.java:27)
	at com.cse.ds.Student.getPID(Student.java:27)
	at com.cse.ds.Student.getPID(Student.java:27)
	at com.cse.ds.Student.getPID(Student.java:27)
	at com.cse.ds.Student.getPID(Student.java:27)
	at com.cse.ds.Student.getPID(Student.java:27)
	at com.cse.ds.Student.getPID(Student.java:27)
	at com.cse.ds.Student.getPID(Student.java:27)
	at com.cse.ds.Student.getPID(Student.java:27)
	at com.cse.ds.Student.getPID(Student.java:27)
	at com.cse.ds.Student.getPID(Student.java:27)
	at com.cse.ds.Student.getPID(Student.java:27)
	at com.cse.ds.Student.getPID(Student.java:27)
	at com.cse.ds.Student.getPID(Student.java:27)
	at com.cse.ds.Student.getPID(Student.java:27)
	at com.cse.ds.Student.getPID(Student.java:27)
	at com.cse.ds.Student.getPID(Student.java:27)
	at com.cse.ds.Student.getPID(Student.java:27)
	at com.cse.ds.Student.getPID(Student.java:27)
	at com.cse.ds.Student.getPID(Student.java:27)
	at com.cse.ds.Student.getPID(Student.java:27)
	at com.cse.ds.Student.getPID(Student.java:27)
	at com.cse.ds.Student.getPID(Student.java:27)
	at com.cse.ds.Student.getPID(Student.java:27)
	at com.cse.ds.Student.getPID(Student.java:27)
	at com.cse.ds.Student.getPID(Student.java:27)
	at com.cse.ds.Student.getPID(Student.java:27)
	at com.cse.ds.Student.getPID(Student.java:27)
	at com.cse.ds.Student.getPID(Student.java:27)
	at com.cse.ds.Student.getPID(Student.java:27)
	at com.cse.ds.Student.getPID(Student.java:27)
	at com.cse.ds.Student.getPID(Student.java:27)
	at com.cse.ds.Student.getPID(Student.java:27)
	at com.cse.ds.Student.getPID(Student.java:27)
	at com.cse.ds.Student.getPID(Student.java:27)
	at com.cse.ds.Student.getPID(Student.java:27)
	at com.cse.ds.Student.getPID(Student.java:27)
	at com.cse.ds.Student.getPID(Student.java:27)
	at com.cse.ds.Student.getPID(Student.java:27)
	at com.cse.ds.Student.getPID(Student.java:27)
	at com.cse.ds.Student.getPID(Student.java:27)
	at com.cse.ds.Student.getPID(Student.java:27)
	at com.cse.ds.Student.getPID(Student.java:27)
	at com.cse.ds.Student.getPID(Student.java:27)
	at com.cse.ds.Student.getPID(Student.java:27)
	at com.cse.ds.Student.getPID(Student.java:27)
	at com.cse.ds.Student.getPID(Student.java:27)
	at com.cse.ds.Student.getPID(Student.java:27)
	at com.cse.ds.Student.getPID(Student.java:27)
	at com.cse.ds.Student.getPID(Student.java:27)
	at com.cse.ds.Student.getPID(Student.java:27)
	at com.cse.ds.Student.getPID(Student.java:27)
	at com.cse.ds.Student.getPID(Student.java:27)
	at com.cse.ds.Student.getPID(Student.java:27)
	at com.cse.ds.Student.getPID(Student.java:27)
	at com.cse.ds.Student.getPID(Student.java:27)
	at com.cse.ds.Student.getPID(Student.java:27)
	at com.cse.ds.Student.getPID(Student.java:27)
	at com.cse.ds.Student.getPID(Student.java:27)
	at com.cse.ds.Student.getPID(Student.java:27)
	at com.cse.ds.Student.getPID(Student.java:27)
	at com.cse.ds.Student.getPID(Student.java:27)
	at com.cse.ds.Student.getPID(Student.java:27)
	at com.cse.ds.Student.getPID(Student.java:27)
	at com.cse.ds.Student.getPID(Student.java:27)
	at com.cse.ds.Student.getPID(Student.java:27)
	at com.cse.ds.Student.getPID(Student.java:27)
	at com.cse.ds.Student.getPID(Student.java:27)
	at com.cse.ds.Student.getPID(Student.java:27)
	at com.cse.ds.Student.getPID(Student.java:27)
	at com.cse.ds.Student.getPID(Student.java:27)
	at com.cse.ds.Student.getPID(Student.java:27)
	at com.cse.ds.Student.getPID(Student.java:27)
	at com.cse.ds.Student.getPID(Student.java:27)
	at com.cse.ds.Student.getPID(Student.java:27)
	at com.cse.ds.Student.getPID(Student.java:27)
	at com.cse.ds.Student.getPID(Student.java:27)
	at com.cse.ds.Student.getPID(Student.java:27)
	at com.cse.ds.Student.getPID(Student.java:27)
	at com.cse.ds.Student.getPID(Student.java:27)
	at com.cse.ds.Student.getPID(Student.java:27)
	at com.cse.ds.Student.getPID(Student.java:27)
	at com.cse.ds.Student.getPID(Student.java:27)
	at com.cse.ds.Student.getPID(Student.java:27)
	at com.cse.ds.Student.getPID(Student.java:27)
	at com.cse.ds.Student.getPID(Student.java:27)
	at com.cse.ds.Student.getPID(Student.java:27)
	at com.cse.ds.Student.getPID(Student.java:27)
	at com.cse.ds.Student.getPID(Student.java:27)
	at com.cse.ds.Student.getPID(Student.java:27)
	at com.cse.ds.Student.getPID(Student.java:27)
	at com.cse.ds.Student.getPID(Student.java:27)
	at com.cse.ds.Student.getPID(Student.java:27)
	at com.cse.ds.Student.getPID(Student.java:27)
	at com.cse.ds.Student.getPID(Student.java:27)
	at com.cse.ds.Student.getPID(Student.java:27)
	at com.cse.ds.Student.getPID(Student.java:27)
	at com.cse.ds.Student.getPID(Student.java:27)
	at com.cse.ds.Student.getPID(Student.java:27)
	at com.cse.ds.Student.getPID(Student.java:27)
	at com.cse.ds.Student.getPID(Student.java:27)
	at com.cse.ds.Student.getPID(Student.java:27)
	at com.cse.ds.Student.getPID(Student.java:27)
	at com.cse.ds.Student.getPID(Student.java:27)
	at com.cse.ds.Student.getPID(Student.java:27)
	at com.cse.ds.Student.getPID(Student.java:27)
	at com.cse.ds.Student.getPID(Student.java:27)
	at com.cse.ds.Student.getPID(Student.java:27)
	at com.cse.ds.Student.getPID(Student.java:27)
	at com.cse.ds.Student.getPID(Student.java:27)
	at com.cse.ds.Student.getPID(Student.java:27)
	at com.cse.ds.Student.getPID(Student.java:27)
	at com.cse.ds.Student.getPID(Student.java:27)
	at com.cse.ds.Student.getPID(Student.java:27)
	at com.cse.ds.Student.getPID(Student.java:27)
	at com.cse.ds.Student.getPID(Student.java:27)
	at com.cse.ds.Student.getPID(Student.java:27)
	at com.cse.ds.Student.getPID(Student.java:27)
	at com.cse.ds.Student.getPID(Student.java:27)
	at com.cse.ds.Student.getPID(Student.java:27)
	at com.cse.ds.Student.getPID(Student.java:27)
	at com.cse.ds.Student.getPID(Student.java:27)
	at com.cse.ds.Student.getPID(Student.java:27)
	at com.cse.ds.Student.getPID(Student.java:27)
	at com.cse.ds.Student.getPID(Student.java:27)
	at com.cse.ds.Student.getPID(Student.java:27)
	at com.cse.ds.Student.getPID(Student.java:27)
	at com.cse.ds.Student.getPID(Student.java:27)
	at com.cse.ds.Student.getPID(Student.java:27)
	at com.cse.ds.Student.getPID(Student.java:27)
	at com.cse.ds.Student.getPID(Student.java:27)
	at com.cse.ds.Student.getPID(Student.java:27)
	at com.cse.ds.Student.getPID(Student.java:27)
	at com.cse.ds.Student.getPID(Student.java:27)
	at com.cse.ds.Student.getPID(Student.java:27)
	at com.cse.ds.Student.getPID(Student.java:27)
	at com.cse.ds.Student.getPID(Student.java:27)
	at com.cse.ds.Student.getPID(Student.java:27)
	at com.cse.ds.Student.getPID(Student.java:27)
	at com.cse.ds.Student.getPID(Student.java:27)
	at com.cse.ds.Student.getPID(Student.java:27)
	at com.cse.ds.Student.getPID(Student.java:27)
	at com.cse.ds.Student.getPID(Student.java:27)
	at com.cse.ds.Student.getPID(Student.java:27)
	at com.cse.ds.Student.getPID(Student.java:27)
	at com.cse.ds.Student.getPID(Student.java:27)
	at com.cse.ds.Student.getPID(Student.java:27)
	at com.cse.ds.Student.getPID(Student.java:27)
	at com.cse.ds.Student.getPID(Student.java:27)
	at com.cse.ds.Student.getPID(Student.java:27)
	at com.cse.ds.Student.getPID(Student.java:27)
	at com.cse.ds.Student.getPID(Student.java:27)
	at com.cse.ds.Student.getPID(Student.java:27)
	at com.cse.ds.Student.getPID(Student.java:27)
	at com.cse.ds.Student.getPID(Student.java:27)
	at com.cse.ds.Student.getPID(Student.java:27)
	at com.cse.ds.Student.getPID(Student.java:27)
	at com.cse.ds.Student.getPID(Student.java:27)
	at com.cse.ds.Student.getPID(Student.java:27)
	at com.cse.ds.Student.getPID(Student.java:27)
	at com.cse.ds.Student.getPID(Student.java:27)
	at com.cse.ds.Student.getPID(Student.java:27)
	at com.cse.ds.Student.getPID(Student.java:27)
	at com.cse.ds.Student.getPID(Student.java:27)
	at com.cse.ds.Student.getPID(Student.java:27)
	at com.cse.ds.Student.getPID(Student.java:27)
	at com.cse.ds.Student.getPID(Student.java:27)
	at com.cse.ds.Student.getPID(Student.java:27)
	at com.cse.ds.Student.getPID(Student.java:27)
	at com.cse.ds.Student.getPID(Student.java:27)
	at com.cse.ds.Student.getPID(Student.java:27)
	at com.cse.ds.Student.getPID(Student.java:27)
	at com.cse.ds.Student.getPID(Student.java:27)
	at com.cse.ds.Student.getPID(Student.java:27)
	at com.cse.ds.Student.getPID(Student.java:27)
	at com.cse.ds.Student.getPID(Student.java:27)
	at com.cse.ds.Student.getPID(Student.java:27)
	at com.cse.ds.Student.getPID(Student.java:27)
	at com.cse.ds.Student.getPID(Student.java:27)
	at com.cse.ds.Student.getPID(Student.java:27)
	at com.cse.ds.Student.getPID(Student.java:27)
	at com.cse.ds.Student.getPID(Student.java:27)
	at com.cse.ds.Student.getPID(Student.java:27)
	at com.cse.ds.Student.getPID(Student.java:27)
	at com.cse.ds.Student.getPID(Student.java:27)
	at com.cse.ds.Student.getPID(Student.java:27)
	at com.cse.ds.Student.getPID(Student.java:27)
	at com.cse.ds.Student.getPID(Student.java:27)
	at com.cse.ds.Student.getPID(Student.java:27)
	at com.cse.ds.Student.getPID(Student.java:27)
	at com.cse.ds.Student.getPID(Student.java:27)
	at com.cse.ds.Student.getPID(Student.java:27)
	at com.cse.ds.Student.getPID(Student.java:27)
	at com.cse.ds.Student.getPID(Student.java:27)
	at com.cse.ds.Student.getPID(Student.java:27)
	at com.cse.ds.Student.getPID(Student.java:27)
	at com.cse.ds.Student.getPID(Student.java:27)
	at com.cse.ds.Student.getPID(Student.java:27)
	at com.cse.ds.Student.getPID(Student.java:27)
	at com.cse.ds.Student.getPID(Student.java:27)
	at com.cse.ds.Student.getPID(Student.java:27)
	at com.cse.ds.Student.getPID(Student.java:27)
	at com.cse.ds.Student.getPID(Student.java:27)
	at com.cse.ds.Student.getPID(Student.java:27)
	at com.cse.ds.Student.getPID(Student.java:27)
	at com.cse.ds.Student.getPID(Student.java:27)
	at com.cse.ds.Student.getPID(Student.java:27)
	at com.cse.ds.Student.getPID(Student.java:27)
	at com.cse.ds.Student.getPID(Student.java:27)
	at com.cse.ds.Student.getPID(Student.java:27)
	at com.cse.ds.Student.getPID(Student.java:27)
	at com.cse.ds.Student.getPID(Student.java:27)
	at com.cse.ds.Student.getPID(Student.java:27)
	at com.cse.ds.Student.getPID(Student.java:27)
	at com.cse.ds.Student.getPID(Student.java:27)
	at com.cse.ds.Student.getPID(Student.java:27)
	at com.cse.ds.Student.getPID(Student.java:27)
	at com.cse.ds.Student.getPID(Student.java:27)
	at com.cse.ds.Student.getPID(Student.java:27)
	at com.cse.ds.Student.getPID(Student.java:27)
	at com.cse.ds.Student.getPID(Student.java:27)
	at com.cse.ds.Student.getPID(Student.java:27)
	at com.cse.ds.Student.getPID(Student.java:27)
	at com.cse.ds.Student.getPID(Student.java:27)
	at com.cse.ds.Student.getPID(Student.java:27)
	at com.cse.ds.Student.getPID(Student.java:27)
	at com.cse.ds.Student.getPID(Student.java:27)
	at com.cse.ds.Student.getPID(Student.java:27)
	at com.cse.ds.Student.getPID(Student.java:27)
	at com.cse.ds.Student.getPID(Student.java:27)
	at com.cse.ds.Student.getPID(Student.java:27)
	at com.cse.ds.Student.getPID(Student.java:27)
	at com.cse.ds.Student.getPID(Student.java:27)
	at com.cse.ds.Student.getPID(Student.java:27)
	at com.cse.ds.Student.getPID(Student.java:27)
	at com.cse.ds.Student.getPID(Student.java:27)
	at com.cse.ds.Student.getPID(Student.java:27)
	at com.cse.ds.Student.getPID(Student.java:27)
	at com.cse.ds.Student.getPID(Student.java:27)
	at com.cse.ds.Student.getPID(Student.java:27)
	at com.cse.ds.Student.getPID(Student.java:27)
	at com.cse.ds.Student.getPID(Student.java:27)
	at com.cse.ds.Student.getPID(Student.java:27)
	at com.cse.ds.Student.getPID(Student.java:27)
	at com.cse.ds.Student.getPID(Student.java:27)
	at com.cse.ds.Student.getPID(Student.java:27)
	at com.cse.ds.Student.getPID(Student.java:27)
	at com.cse.ds.Student.getPID(Student.java:27)
	at com.cse.ds.Student.getPID(Student.java:27)
	at com.cse.ds.Student.getPID(Student.java:27)
	at com.cse.ds.Student.getPID(Student.java:27)
	at com.cse.ds.Student.getPID(Student.java:27)
	at com.cse.ds.Student.getPID(Student.java:27)
	at com.cse.ds.Student.getPID(Student.java:27)
	at com.cse.ds.Student.getPID(Student.java:27)
	at com.cse.ds.Student.getPID(Student.java:27)
	at com.cse.ds.Student.getPID(Student.java:27)
	at com.cse.ds.Student.getPID(Student.java:27)
	at com.cse.ds.Student.getPID(Student.java:27)
	at com.cse.ds.Student.getPID(Student.java:27)
	at com.cse.ds.Student.getPID(Student.java:27)
	at com.cse.ds.Student.getPID(Student.java:27)
	at com.cse.ds.Student.getPID(Student.java:27)
	at com.cse.ds.Student.getPID(Student.java:27)
	at com.cse.ds.Student.getPID(Student.java:27)
	at com.cse.ds.Student.getPID(Student.java:27)
	at com.cse.ds.Student.getPID(Student.java:27)
	at com.cse.ds.Student.getPID(Student.java:27)
	at com.cse.ds.Student.getPID(Student.java:27)
	at com.cse.ds.Student.getPID(Student.java:27)
	at com.cse.ds.Student.getPID(Student.java:27)
	at com.cse.ds.Student.getPID(Student.java:27)
	at com.cse.ds.Student.getPID(Student.java:27)
	at com.cse.ds.Student.getPID(Student.java:27)
	at com.cse.ds.Student.getPID(Student.java:27)
	at com.cse.ds.Student.getPID(Student.java:27)
	at com.cse.ds.Student.getPID(Student.java:27)
	at com.cse.ds.Student.getPID(Student.java:27)
	at com.cse.ds.Student.getPID(Student.java:27)
	at com.cse.ds.Student.getPID(Student.java:27)
	at com.cse.ds.Student.getPID(Student.java:27)
	at com.cse.ds.Student.getPID(Student.java:27)
	at com.cse.ds.Student.getPID(Student.java:27)
	at com.cse.ds.Student.getPID(Student.java:27)
	at com.cse.ds.Student.getPID(Student.java:27)
	at com.cse.ds.Student.getPID(Student.java:27)
	at com.cse.ds.Student.getPID(Student.java:27)
	at com.cse.ds.Student.getPID(Student.java:27)
	at com.cse.ds.Student.getPID(Student.java:27)
	at com.cse.ds.Student.getPID(Student.java:27)
	at com.cse.ds.Student.getPID(Student.java:27)
	at com.cse.ds.Student.getPID(Student.java:27)
	at com.cse.ds.Student.getPID(Student.java:27)
	at com.cse.ds.Student.getPID(Student.java:27)
	at com.cse.ds.Student.getPID(Student.java:27)
	at com.cse.ds.Student.getPID(Student.java:27)
	at com.cse.ds.Student.getPID(Student.java:27)
	at com.cse.ds.Student.getPID(Student.java:27)
	at com.cse.ds.Student.getPID(Student.java:27)
	at com.cse.ds.Student.getPID(Student.java:27)
	at com.cse.ds.Student.getPID(Student.java:27)
	at com.cse.ds.Student.getPID(Student.java:27)
	at com.cse.ds.Student.getPID(Student.java:27)
	at com.cse.ds.Student.getPID(Student.java:27)
	at com.cse.ds.Student.getPID(Student.java:27)
	at com.cse.ds.Student.getPID(Student.java:27)
	at com.cse.ds.Student.getPID(Student.java:27)
	at com.cse.ds.Student.getPID(Student.java:27)
	at com.cse.ds.Student.getPID(Student.java:27)
	at com.cse.ds.Student.getPID(Student.java:27)
	at com.cse.ds.Student.getPID(Student.java:27)
	at com.cse.ds.Student.getPID(Student.java:27)
	at com.cse.ds.Student.getPID(Student.java:27)
	at com.cse.ds.Student.getPID(Student.java:27)
	at com.cse.ds.Student.getPID(Student.java:27)
	at com.cse.ds.Student.getPID(Student.java:27)
	at com.cse.ds.Student.getPID(Student.java:27)
	at com.cse.ds.Student.getPID(Student.java:27)
	at com.cse.ds.Student.getPID(Student.java:27)
	at com.cse.ds.Student.getPID(Student.java:27)
	at com.cse.ds.Student.getPID(Student.java:27)
	at com.cse.ds.Student.getPID(Student.java:27)
	at com.cse.ds.Student.getPID(Student.java:27)
	at com.cse.ds.Student.getPID(Student.java:27)
	at com.cse.ds.Student.getPID(Student.java:27)
	at com.cse.ds.Student.getPID(Student.java:27)
	at com.cse.ds.Student.getPID(Student.java:27)
	at com.cse.ds.Student.getPID(Student.java:27)
	at com.cse.ds.Student.getPID(Student.java:27)
	at com.cse.ds.Student.getPID(Student.java:27)
	at com.cse.ds.Student.getPID(Student.java:27)

